2020-06-25 16:44:17.503 {"ap": "00:1F:C6:60:DC:36", "ros_brain": "Cloudip"}
2020-06-25 16:44:27.138 {"ap": "00:1F:C6:60:DC:36", "ros_brain": "Cloudip"}
2020-06-25 16:44:28.198 {"ap": "00:1F:C6:60:DC:36", "ros_brain": "Cloudip"}
2020-06-25 16:44:29.183 {"ap": "00:1F:C6:60:DC:36", "ros_brain": "Cloudip"}
2020-06-25 16:44:30.167 {"ap": "00:1F:C6:60:DC:36", "ros_brain": "Cloudip"}
2020-06-25 16:44:31.162 {"ap": "00:1F:C6:60:DC:36", "ros_brain": "Cloudip"}
2020-06-25 16:44:32.154 {"ap": "00:1F:C6:60:DC:36", "ros_brain": "Cloudip"}
2020-06-25 16:44:33.147 {"ap": "00:1F:C6:60:DC:36", "ros_brain": "Cloudip"}
2020-06-25 16:44:34.055 {"ap": "00:1F:C6:60:DC:36", "ros_brain": "Cloudip"}
2020-06-25 16:44:35.048 {"ap": "00:1F:C6:60:DC:36", "ros_brain": "Cloudip"}
2020-06-25 16:44:35.961 {"ap": "00:1F:C6:60:DC:36", "ros_brain": "Cloudip"}
2020-06-25 16:44:36.879 {"ap": "00:1F:C6:60:DC:36", "ros_brain": "Cloudip"}
2020-06-25 16:44:37.795 {"ap": "00:1F:C6:60:DC:36", "ros_brain": "Cloudip"}
2020-06-25 16:44:38.705 {"ap": "00:1F:C6:60:DC:36", "ros_brain": "Cloudip"}
2020-06-25 16:44:39.626 {"ap": "00:1F:C6:60:DC:36", "ros_brain": "Cloudip"}
2020-06-25 16:44:40.529 {"ap": "00:1F:C6:60:DC:36", "ros_brain": "Cloudip"}
2020-06-25 16:44:41.711 {"ap": "00:1F:C6:60:DC:36", "ros_brain": "Cloudip"}
2020-06-25 16:44:42.371 {"ap": "00:1F:C6:60:DC:36", "ros_brain": "Cloudip"}
2020-06-25 16:44:43.281 {"ap": "00:1F:C6:60:DC:36", "ros_brain": "Cloudip"}
2020-06-25 16:44:44.194 {"ap": "00:1F:C6:60:DC:36", "ros_brain": "Cloudip"}
2020-06-25 16:44:45.105 {"ap": "00:1F:C6:60:DC:36", "ros_brain": "Cloudip"}
2020-06-25 16:44:46.029 {"ap": "00:1F:C6:60:DC:36", "ros_brain": "Cloudip"}
2020-06-25 16:44:46.874 {"ap": "00:1F:C6:60:DC:36", "ros_brain": "Cloudip"}
2020-06-25 16:44:47.807 {"ap": "00:1F:C6:60:DC:36", "ros_brain": "Cloudip"}
2020-06-25 16:44:48.707 {"ap": "00:1F:C6:60:DC:36", "ros_brain": "Cloudip"}
2020-06-25 16:44:49.868 {"ap": "00:1F:C6:60:DC:36", "ros_brain": "Cloudip"}
2020-06-25 16:44:50.553 {"ap": "00:1F:C6:60:DC:36", "ros_brain": "Cloudip"}
2020-06-25 16:44:51.450 {"ap": "00:1F:C6:60:DC:36", "ros_brain": "Cloudip"}
2020-06-25 16:44:52.375 {"ap": "00:1F:C6:60:DC:36", "ros_brain": "Cloudip"}
2020-06-25 16:44:53.283 {"ap": "00:1F:C6:60:DC:36", "ros_brain": "Cloudip"}
2020-06-25 16:44:54.219 {"ap": "00:1F:C6:60:DC:36", "ros_brain": "Cloudip"}
2020-06-25 16:44:55.042 {"ap": "00:1F:C6:60:DC:36", "ros_brain": "Cloudip"}
2020-06-25 16:44:55.954 {"ap": "00:1F:C6:60:DC:36", "ros_brain": "Cloudip"}
2020-06-25 16:44:56.869 {"ap": "00:1F:C6:60:DC:36", "ros_brain": "Cloudip"}
2020-06-25 16:44:57.779 {"ap": "00:1F:C6:60:DC:36", "ros_brain": "Cloudip"}
2020-06-25 16:44:58.699 {"ap": "00:1F:C6:60:DC:36", "ros_brain": "Cloudip"}
2020-06-25 16:44:59.610 {"ap": "00:1F:C6:60:DC:36", "ros_brain": "Cloudip"}
2020-06-25 16:45:00.544 {"ap": "00:1F:C6:60:DC:36", "ros_brain": "Cloudip"}
2020-06-25 16:45:01.437 {"ap": "00:1F:C6:60:DC:36", "ros_brain": "Cloudip"}
2020-06-25 16:45:02.529 {"ap": "00:1F:C6:60:DC:36", "ros_brain": "Cloudip"}
2020-06-25 16:45:03.876 {"ap": "00:1F:C6:60:DC:36", "ros_brain": "Cloudip"}
2020-06-25 16:45:05.070 {"ap": "00:1F:C6:60:DC:36", "ros_brain": "Cloudip"}
2020-06-25 16:45:06.342 {"ap": "00:1F:C6:60:DC:36", "ros_brain": "Cloudip"}
2020-06-25 16:45:07.160 {"ap": "00:1F:C6:60:DC:36", "ros_brain": "Cloudip"}
2020-06-25 16:45:08.140 {"ap": "00:1F:C6:60:DC:36", "ros_brain": "Cloudip"}
2020-06-25 16:45:09.420 {"ap": "00:1F:C6:60:DC:36", "ros_brain": "Cloudip"}
2020-06-25 16:45:10.456 {"ap": "00:1F:C6:60:DC:36", "ros_brain": "Cloudip"}
2020-06-25 16:45:11.492 {"ap": "00:C0:CA:1B:34:2E", "ros_brain": "Cloudip"}
2020-06-25 16:45:12.582 {"ap": "00:C0:CA:1B:34:2E", "ros_brain": "Cloudip"}
2020-06-25 16:45:13.652 {"ap": "00:C0:CA:1B:34:2E", "ros_brain": "Cloudip"}
2020-06-25 16:45:14.637 {"ap": "00:C0:CA:1B:34:2E", "ros_brain": "Cloudip"}
2020-06-25 16:45:15.634 {"ap": "00:C0:CA:1B:34:2E", "ros_brain": "Cloudip"}
2020-06-25 16:45:16.617 {"ap": "00:C0:CA:1B:34:2E", "ros_brain": "Cloudip"}
2020-06-25 16:45:17.605 {"ap": "00:C0:CA:1B:34:2E", "ros_brain": "Cloudip"}
2020-06-25 16:45:18.517 {"ap": "00:C0:CA:1B:34:2E", "ros_brain": "Cloudip"}
2020-06-25 16:45:19.442 {"ap": "00:C0:CA:1B:34:2E", "ros_brain": "Cloudip"}
2020-06-25 16:45:20.340 {"ap": "00:C0:CA:1B:34:2E", "ros_brain": "Cloudip"}
2020-06-25 16:45:21.253 {"ap": "00:C0:CA:1B:34:2E", "ros_brain": "Cloudip"}
2020-06-25 16:45:22.165 {"ap": "00:C0:CA:1B:34:2E", "ros_brain": "Cloudip"}
2020-06-25 16:45:23.074 {"ap": "00:C0:CA:1B:34:2E", "ros_brain": "Cloudip"}
2020-06-25 16:45:23.987 {"ap": "00:C0:CA:1B:34:2E", "ros_brain": "Cloudip"}
2020-06-25 16:45:24.894 {"ap": "00:C0:CA:1B:34:2E", "ros_brain": "Cloudip"}
2020-06-25 16:45:25.810 {"ap": "00:C0:CA:1B:34:2E", "ros_brain": "Cloudip"}
2020-06-25 16:45:26.722 {"ap": "00:C0:CA:1B:34:2E", "ros_brain": "Cloudip"}
2020-06-25 16:45:27.633 {"ap": "00:C0:CA:1B:34:2E", "ros_brain": "Cloudip"}
2020-06-25 16:45:28.548 {"ap": "00:C0:CA:1B:34:2E", "ros_brain": "Cloudip"}
2020-06-25 16:45:29.469 {"ap": "00:C0:CA:1B:34:2E", "ros_brain": "Cloudip"}
2020-06-25 16:45:30.388 {"ap": "00:C0:CA:1B:34:2E", "ros_brain": "Cloudip"}
2020-06-25 16:45:31.553 {"ap": "00:C0:CA:1B:34:2E", "ros_brain": "Cloudip"}
2020-06-25 16:45:32.347 {"ap": "00:C0:CA:1B:34:2E", "ros_brain": "Cloudip"}
2020-06-25 16:45:33.118 {"ap": "00:C0:CA:1B:34:2E", "ros_brain": "Cloudip"}
2020-06-25 16:45:34.269 {"ap": "00:C0:CA:1B:34:2E", "ros_brain": "Cloudip"}
2020-06-25 16:45:35.090 {"ap": "00:C0:CA:1B:34:2E", "ros_brain": "Cloudip"}
2020-06-25 16:45:35.957 {"ap": "00:C0:CA:1B:34:2E", "ros_brain": "Cloudip"}
2020-06-25 16:45:36.691 {"ap": "00:C0:CA:1B:34:2E", "ros_brain": "Cloudip"}
2020-06-25 16:45:37.606 {"ap": "00:C0:CA:1B:34:2E", "ros_brain": "Cloudip"}
2020-06-25 16:45:38.771 {"ap": "00:C0:CA:1B:34:2E", "ros_brain": "Cloudip"}
2020-06-25 16:45:39.566 {"ap": "00:C0:CA:1B:34:2E", "ros_brain": "Cloudip"}
2020-06-25 16:45:40.353 {"ap": "00:C0:CA:1B:34:2E", "ros_brain": "Cloudip"}
2020-06-25 16:45:41.268 {"ap": "00:C0:CA:1B:34:2E", "ros_brain": "Cloudip"}
2020-06-25 16:45:42.181 {"ap": "00:C0:CA:1B:34:2E", "ros_brain": "Cloudip"}
2020-06-25 16:45:43.095 {"ap": "00:C0:CA:1B:34:2E", "ros_brain": "Cloudip"}
2020-06-25 16:45:44.005 {"ap": "00:C0:CA:1B:34:2E", "ros_brain": "Cloudip"}
2020-06-25 16:45:44.844 {"ap": "00:C0:CA:1B:34:2E", "ros_brain": "Cloudip"}
2020-06-25 16:45:45.699 {"ap": "00:C0:CA:1B:34:2E", "ros_brain": "Cloudip"}
2020-06-25 16:45:46.593 {"ap": "00:C0:CA:1B:34:2E", "ros_brain": "Cloudip"}
2020-06-25 16:45:47.200 {"ap": "00:C0:CA:1B:34:2E", "ros_brain": "Cloudip"}
2020-06-25 16:45:47.659 {"ap": "00:C0:CA:1B:34:2E", "ros_brain": "Cloudip"}
2020-06-25 16:45:48.195 {"ap": "00:C0:CA:1B:34:2E", "ros_brain": "Cloudip"}
2020-06-25 16:45:48.805 {"ap": "00:C0:CA:1B:34:2E", "ros_brain": "Cloudip"}
2020-06-25 16:45:49.645 {"ap": "00:C0:CA:1B:34:2E", "ros_brain": "Cloudip"}
2020-06-25 16:45:50.550 {"ap": "00:C0:CA:1B:34:2E", "ros_brain": "Cloudip"}
2020-06-25 16:45:51.467 {"ap": "00:C0:CA:1B:34:2E", "ros_brain": "Cloudip"}
2020-06-25 16:45:52.380 {"ap": "00:C0:CA:1B:34:2E", "ros_brain": "Cloudip"}
2020-06-25 16:45:53.295 {"ap": "00:C0:CA:1B:34:2E", "ros_brain": "Cloudip"}
2020-06-25 16:45:54.206 {"ap": "00:C0:CA:1B:34:2E", "ros_brain": "Cloudip"}
2020-06-25 16:45:55.190 {"ap": "00:C0:CA:1B:34:2E", "ros_brain": "Cloudip"}
2020-06-25 16:45:56.099 {"ap": "00:C0:CA:1B:34:2E", "ros_brain": "Cloudip"}
2020-06-25 16:45:57.094 {"ap": "00:C0:CA:1B:34:2E", "ros_brain": "Cloudip"}
2020-06-25 16:45:58.075 {"ap": "00:C0:CA:1B:34:2E", "ros_brain": "Cloudip"}
2020-06-25 16:45:59.069 {"ap": "00:C0:CA:1B:34:2E", "ros_brain": "Cloudip"}
2020-06-25 16:46:00.263 {"ap": "00:C0:CA:1B:34:2E", "ros_brain": "Cloudip"}
2020-06-25 16:46:01.165 {"ap": "00:C0:CA:1B:34:2E", "ros_brain": "Cloudip"}
2020-06-25 16:46:02.027 {"ap": "04:F0:21:4F:FE:4D", "ros_brain": "Cloudip"}
2020-06-25 16:46:03.446 {"ap": "04:F0:21:4F:FE:4D", "ros_brain": "Cloudip"}
2020-06-25 16:46:04.284 {"ap": "04:F0:21:4F:FE:4D", "ros_brain": "Cloudip"}
2020-06-25 16:46:05.097 {"ap": "04:F0:21:4F:FE:4D", "ros_brain": "Cloudip"}
2020-06-25 16:46:06.089 {"ap": "04:F0:21:4F:FE:4D", "ros_brain": "Cloudip"}
2020-06-25 16:46:07.211 {"ap": "04:F0:21:4F:FE:4D", "ros_brain": "Cloudip"}
2020-06-25 16:46:08.131 {"ap": "04:F0:21:4F:FE:4D", "ros_brain": "Cloudip"}
2020-06-25 16:46:09.033 {"ap": "04:F0:21:4F:FE:4D", "ros_brain": "Cloudip"}
2020-06-25 16:46:09.947 {"ap": "04:F0:21:4F:FE:4D", "ros_brain": "Cloudip"}
2020-06-25 16:46:10.868 {"ap": "04:F0:21:4F:FE:4D", "ros_brain": "Cloudip"}
2020-06-25 16:46:11.773 {"ap": "04:F0:21:4F:FE:4D", "ros_brain": "Cloudip"}
2020-06-25 16:46:12.682 {"ap": "04:F0:21:4F:FE:4D", "ros_brain": "Cloudip"}
2020-06-25 16:46:13.374 {"ap": "04:F0:21:4F:FE:4D", "ros_brain": "Cloudip"}
2020-06-25 16:46:14.359 {"ap": "04:F0:21:4F:FE:4D", "ros_brain": "Cloudip"}
2020-06-25 16:46:15.267 {"ap": "04:F0:21:4F:FE:4D", "ros_brain": "Cloudip"}
2020-06-25 16:46:16.184 {"ap": "04:F0:21:4F:FE:4D", "ros_brain": "Cloudip"}
2020-06-25 16:46:17.084 {"ap": "04:F0:21:4F:FE:4D", "ros_brain": "Cloudip"}
2020-06-25 16:46:17.995 {"ap": "04:F0:21:4F:FE:4D", "ros_brain": "Cloudip"}
2020-06-25 16:46:18.918 {"ap": "04:F0:21:4F:FE:4D", "ros_brain": "Cloudip"}
2020-06-25 16:46:19.821 {"ap": "04:F0:21:4F:FE:4D", "ros_brain": "Cloudip"}
2020-06-25 16:46:20.735 {"ap": "04:F0:21:4F:FE:4D", "ros_brain": "Cloudip"}
2020-06-25 16:46:21.642 {"ap": "04:F0:21:4F:FE:4D", "ros_brain": "Cloudip"}
2020-06-25 16:46:22.561 {"ap": "04:F0:21:4F:FE:4D", "ros_brain": "Cloudip"}
2020-06-25 16:46:23.471 {"ap": "04:F0:21:4F:FE:4D", "ros_brain": "Cloudip"}
2020-06-25 16:46:24.584 {"ap": "04:F0:21:4F:FE:4D", "ros_brain": "Cloudip"}
2020-06-25 16:46:25.422 {"ap": "04:F0:21:4F:FE:4D", "ros_brain": "Cloudip"}
2020-06-25 16:46:26.287 {"ap": "04:F0:21:4F:FE:4D", "ros_brain": "Cloudip"}
2020-06-25 16:46:27.198 {"ap": "04:F0:21:4F:FE:4D", "ros_brain": "Cloudip"}
2020-06-25 16:46:28.112 {"ap": "04:F0:21:4F:FE:4D", "ros_brain": "Cloudip"}
2020-06-25 16:46:29.012 {"ap": "04:F0:21:4F:FE:4D", "ros_brain": "Cloudip"}
2020-06-25 16:46:29.927 {"ap": "04:F0:21:4F:FE:4D", "ros_brain": "Cloudip"}
2020-06-25 16:46:30.839 {"ap": "04:F0:21:4F:FE:4D", "ros_brain": "Cloudip"}
2020-06-25 16:46:31.749 {"ap": "04:F0:21:4F:FE:4D", "ros_brain": "Cloudip"}
2020-06-25 16:46:32.659 {"ap": "04:F0:21:4F:FE:4D", "ros_brain": "Cloudip"}
2020-06-25 16:46:33.571 {"ap": "04:F0:21:4F:FE:4D", "ros_brain": "Cloudip"}
2020-06-25 16:46:34.478 {"ap": "04:F0:21:4F:FE:4D", "ros_brain": "Cloudip"}
2020-06-25 16:46:35.387 {"ap": "04:F0:21:4F:FE:4D", "ros_brain": "Cloudip"}
2020-06-25 16:46:36.298 {"ap": "04:F0:21:4F:FE:4D", "ros_brain": "Cloudip"}
2020-06-25 16:46:37.216 {"ap": "04:F0:21:4F:FE:4D", "ros_brain": "Cloudip"}
2020-06-25 16:46:38.116 {"ap": "04:F0:21:4F:FE:4D", "ros_brain": "Cloudip"}
2020-06-25 16:46:39.026 {"ap": "04:F0:21:4F:FE:4D", "ros_brain": "Cloudip"}
2020-06-25 16:46:39.943 {"ap": "04:F0:21:4F:FE:4D", "ros_brain": "Cloudip"}
2020-06-25 16:46:40.853 {"ap": "04:F0:21:4F:FE:4D", "ros_brain": "Cloudip"}
2020-06-25 16:46:41.760 {"ap": "04:F0:21:4F:FE:4D", "ros_brain": "Cloudip"}
2020-06-25 16:46:42.668 {"ap": "04:F0:21:4F:FE:4D", "ros_brain": "Cloudip"}
2020-06-25 16:46:43.581 {"ap": "04:F0:21:4F:FE:4D", "ros_brain": "Cloudip"}
2020-06-25 16:46:44.600 {"ap": "04:F0:21:4F:FE:4D", "ros_brain": "Cloudip"}
2020-06-25 16:46:45.642 {"ap": "04:F0:21:4F:FE:4D", "ros_brain": "Cloudip"}
2020-06-25 16:46:46.466 {"ap": "04:F0:21:4F:FE:4D", "ros_brain": "Cloudip"}
2020-06-25 16:46:47.490 {"ap": "04:F0:21:4F:FE:4D", "ros_brain": "Cloudip"}
2020-06-25 16:46:48.376 {"ap": "04:F0:21:4F:FE:4D", "ros_brain": "Cloudip"}
2020-06-25 16:46:49.360 {"ap": "04:F0:21:4F:FE:4D", "ros_brain": "Cloudip"}
2020-06-25 16:46:50.111 {"ap": "04:F0:21:4F:FE:4D", "ros_brain": "Cloudip"}
2020-06-25 16:46:51.031 {"ap": "04:F0:21:4F:FE:4D", "ros_brain": "Cloudip"}
2020-06-25 16:46:51.924 {"ap": "04:F0:21:4F:FE:4D", "ros_brain": "Cloudip"}
2020-06-25 16:46:52.840 {"ap": "04:F0:21:4F:FE:4D", "ros_brain": "Cloudip"}
2020-06-25 16:46:53.746 {"ap": "04:F0:21:4F:FE:4D", "ros_brain": "Cloudip"}
2020-06-25 16:46:54.652 {"ap": "04:F0:21:4F:FE:4D", "ros_brain": "Cloudip"}
2020-06-25 16:46:55.568 {"ap": "04:F0:21:4F:FE:4D", "ros_brain": "Cloudip"}
2020-06-25 16:46:56.478 {"ap": "04:F0:21:4F:FE:4D", "ros_brain": "Cloudip"}
2020-06-25 16:46:57.389 {"ap": "04:F0:21:4F:FE:4D", "ros_brain": "Cloudip"}
2020-06-25 16:46:58.300 {"ap": "04:F0:21:4F:FE:4D", "ros_brain": "Cloudip"}
2020-06-25 16:46:59.214 {"ap": "04:F0:21:4F:FE:4D", "ros_brain": "Cloudip"}
2020-06-25 16:47:00.127 {"ap": "04:F0:21:4F:FE:4D", "ros_brain": "Cloudip"}
2020-06-25 16:47:01.045 {"ap": "04:F0:21:4F:FE:4D", "ros_brain": "Cloudip"}
2020-06-25 16:47:01.949 {"ap": "04:F0:21:4F:FE:4D", "ros_brain": "Cloudip"}
2020-06-25 16:47:02.860 {"ap": "04:F0:21:4F:FE:4D", "ros_brain": "Cloudip"}
2020-06-25 16:47:03.846 {"ap": "04:F0:21:4F:FE:4D", "ros_brain": "Cloudip"}
2020-06-25 16:47:04.755 {"ap": "04:F0:21:4F:FE:4D", "ros_brain": "Cloudip"}
2020-06-25 16:47:05.670 {"ap": "04:F0:21:4F:FE:4D", "ros_brain": "Cloudip"}
2020-06-25 16:47:06.607 {"ap": "04:F0:21:4F:FE:4D", "ros_brain": "Cloudip"}
2020-06-25 16:47:07.627 {"ap": "04:F0:21:4F:FE:4D", "ros_brain": "Cloudip"}
2020-06-25 16:47:08.615 {"ap": "04:F0:21:4F:FE:4D", "ros_brain": "Cloudip"}
2020-06-25 16:47:09.302 {"ap": "04:F0:21:4F:FE:4D", "ros_brain": "Cloudip"}
2020-06-25 16:47:10.215 {"ap": "04:F0:21:4F:FE:4D", "ros_brain": "Cloudip"}
2020-06-25 16:47:11.152 {"ap": "04:F0:21:4F:FE:4D", "ros_brain": "Cloudip"}
2020-06-25 16:47:12.041 {"ap": "04:F0:21:4F:FE:4D", "ros_brain": "Cloudip"}
2020-06-25 16:47:12.944 {"ap": "04:F0:21:4F:FE:4D", "ros_brain": "Cloudip"}
2020-06-25 16:47:13.853 {"ap": "04:F0:21:4F:FE:4D", "ros_brain": "Cloudip"}
2020-06-25 16:47:14.766 {"ap": "04:F0:21:4F:FE:4D", "ros_brain": "Cloudip"}
2020-06-25 16:47:15.676 {"ap": "04:F0:21:4F:FE:4D", "ros_brain": "Cloudip"}
2020-06-25 16:47:16.370 {"ap": "04:F0:21:4F:FE:4D", "ros_brain": "Cloudip"}
2020-06-25 16:47:17.271 {"ap": "04:F0:21:4F:FE:4D", "ros_brain": "Cloudip"}
2020-06-25 16:47:18.183 {"ap": "04:F0:21:4F:FE:4D", "ros_brain": "Cloudip"}
2020-06-25 16:47:19.096 {"ap": "04:F0:21:4F:FE:4D", "ros_brain": "Cloudip"}
2020-06-25 16:47:20.001 {"ap": "04:F0:21:4F:FE:4D", "ros_brain": "Cloudip"}
2020-06-25 16:47:20.915 {"ap": "04:F0:21:4F:FE:4D", "ros_brain": "Cloudip"}
2020-06-25 16:47:21.831 {"ap": "04:F0:21:4F:FE:4D", "ros_brain": "Cloudip"}
2020-06-25 16:47:22.733 {"ap": "04:F0:21:4F:FE:4D", "ros_brain": "Cloudip"}
2020-06-25 16:47:23.648 {"ap": "04:F0:21:4F:FE:4D", "ros_brain": "Cloudip"}
2020-06-25 16:47:24.563 {"ap": "04:F0:21:4F:FE:4D", "ros_brain": "Cloudip"}
2020-06-25 16:47:25.471 {"ap": "04:F0:21:4F:FE:4D", "ros_brain": "Cloudip"}
2020-06-25 16:47:26.383 {"ap": "04:F0:21:4F:FE:4D", "ros_brain": "Cloudip"}
2020-06-25 16:47:27.292 {"ap": "04:F0:21:4F:FE:4D", "ros_brain": "Cloudip"}
2020-06-25 16:47:28.205 {"ap": "04:F0:21:4F:FE:4D", "ros_brain": "Cloudip"}
2020-06-25 16:47:29.117 {"ap": "04:F0:21:4F:FE:4D", "ros_brain": "Cloudip"}
2020-06-25 16:47:30.161 {"ap": "04:F0:21:4F:FE:4D", "ros_brain": "Cloudip"}
2020-06-25 16:47:31.044 {"ap": "04:F0:21:4F:FE:4D", "ros_brain": "Cloudip"}
2020-06-25 16:47:31.862 {"ap": "04:F0:21:4F:FE:4D", "ros_brain": "Cloudip"}
2020-06-25 16:47:32.777 {"ap": "04:F0:21:4F:FE:4D", "ros_brain": "Cloudip"}
2020-06-25 16:47:34.059 {"ap": "04:F0:21:4F:FE:4D", "ros_brain": "Cloudip"}
2020-06-25 16:47:35.732 {"ap": "04:F0:21:4F:FE:4D", "ros_brain": "Cloudip"}
2020-06-25 16:47:36.422 {"ap": "04:F0:21:4F:FE:4D", "ros_brain": "Cloudip"}
2020-06-25 16:47:36.873 {"ap": "04:F0:21:4F:FE:4D", "ros_brain": "Cloudip"}
2020-06-25 16:47:37.474 {"ap": "04:F0:21:4F:FE:4D", "ros_brain": "Cloudip"}
2020-06-25 16:47:55.499 {"ap": "04:F0:21:4F:FE:4D", "ros_brain": "Cloudip"}
2020-06-25 16:47:56.112 {"ap": "04:F0:21:4F:FE:4D", "ros_brain": "Cloudip"}
2020-06-25 16:47:56.560 {"ap": "04:F0:21:4F:FE:4D", "ros_brain": "Cloudip"}
2020-06-25 16:47:56.948 {"ap": "04:F0:21:4F:FE:4D", "ros_brain": "Cloudip"}
2020-06-25 16:47:57.319 {"ap": "04:F0:21:4F:FE:4D", "ros_brain": "Cloudip"}
2020-06-25 16:47:57.630 {"ap": "04:F0:21:4F:FE:4D", "ros_brain": "Cloudip"}
2020-06-25 16:47:57.862 {"ap": "04:F0:21:4F:FE:4D", "ros_brain": "Cloudip"}
2020-06-25 16:47:58.391 {"ap": "04:F0:21:4F:FE:4D", "ros_brain": "Cloudip"}
2020-06-25 16:47:59.444 {"ap": "04:F0:21:4F:FE:4D", "ros_brain": "Cloudip"}
2020-06-25 16:48:00.437 {"ap": "04:F0:21:4F:FE:4D", "ros_brain": "Cloudip"}
2020-06-25 16:48:01.431 {"ap": "04:F0:21:4F:FE:4D", "ros_brain": "Cloudip"}
2020-06-25 16:48:02.403 {"ap": "04:F0:21:4F:FE:4D", "ros_brain": "Cloudip"}
2020-06-25 16:48:03.387 {"ap": "04:F0:21:4F:FE:4D", "ros_brain": "Cloudip"}
2020-06-25 16:48:04.373 {"ap": "04:F0:21:4F:FE:4D", "ros_brain": "Cloudip"}
2020-06-25 16:48:05.355 {"ap": "04:F0:21:4F:FE:4D", "ros_brain": "Cloudip"}
2020-06-25 16:48:06.409 {"ap": "04:F0:21:4F:FE:4D", "ros_brain": "Cloudip"}
2020-06-25 16:48:07.404 {"ap": "04:F0:21:4F:FE:4D", "ros_brain": "Cloudip"}
2020-06-25 16:48:08.091 {"ap": "04:F0:21:4F:FE:4D", "ros_brain": "Cloudip"}
2020-06-25 16:48:09.005 {"ap": "04:F0:21:4F:FE:4D", "ros_brain": "Cloudip"}
2020-06-25 16:48:09.910 {"ap": "04:F0:21:4F:FE:4D", "ros_brain": "Cloudip"}
2020-06-25 16:48:10.821 {"ap": "04:F0:21:4F:FE:4D", "ros_brain": "Cloudip"}
2020-06-25 16:48:11.732 {"ap": "04:F0:21:4F:FE:4D", "ros_brain": "Cloudip"}
2020-06-25 16:48:12.639 {"ap": "04:F0:21:4F:FE:4D", "ros_brain": "Cloudip"}
2020-06-25 16:48:13.549 {"ap": "04:F0:21:4F:FE:4D", "ros_brain": "Cloudip"}
2020-06-25 16:48:14.461 {"ap": "04:F0:21:4F:FE:4D", "ros_brain": "Cloudip"}
2020-06-25 16:48:15.362 {"ap": "04:F0:21:4F:FE:4D", "ros_brain": "Cloudip"}
2020-06-25 16:48:16.279 {"ap": "04:F0:21:4F:FE:4D", "ros_brain": "Cloudip"}
2020-06-25 16:48:17.190 {"ap": "04:F0:21:4F:FE:4D", "ros_brain": "Cloudip"}
2020-06-25 16:48:18.093 {"ap": "04:F0:21:4F:FE:4D", "ros_brain": "Cloudip"}
2020-06-25 16:48:19.005 {"ap": "04:F0:21:4F:FE:4D", "ros_brain": "Cloudip"}
2020-06-25 16:48:19.912 {"ap": "04:F0:21:4F:FE:4D", "ros_brain": "Cloudip"}
2020-06-25 16:48:20.823 {"ap": "04:F0:21:4F:FE:4D", "ros_brain": "Cloudip"}
2020-06-25 16:48:21.752 {"ap": "04:F0:21:4F:FE:4D", "ros_brain": "Cloudip"}
2020-06-25 16:48:22.638 {"ap": "04:F0:21:4F:FE:4D", "ros_brain": "Cloudip"}
2020-06-25 16:48:23.550 {"ap": "04:F0:21:4F:FE:4D", "ros_brain": "Cloudip"}
2020-06-25 16:48:24.453 {"ap": "04:F0:21:4F:FE:4D", "ros_brain": "Cloudip"}
2020-06-25 16:48:25.363 {"ap": "04:F0:21:4F:FE:4D", "ros_brain": "Cloudip"}
2020-06-25 16:48:26.278 {"ap": "04:F0:21:4F:FE:4D", "ros_brain": "Cloudip"}
2020-06-25 16:48:27.192 {"ap": "04:F0:21:4F:FE:4D", "ros_brain": "Cloudip"}
2020-06-25 16:48:28.478 {"ap": "04:F0:21:4F:FE:4D", "ros_brain": "Cloudip"}
2020-06-25 16:48:29.138 {"ap": "04:F0:21:4F:FE:4D", "ros_brain": "Cloudip"}
2020-06-25 16:48:30.125 {"ap": "04:F0:21:4F:FE:4D", "ros_brain": "Cloudip"}
2020-06-25 16:48:30.948 {"ap": "04:F0:21:4F:FE:4D", "ros_brain": "Cloudip"}
2020-06-25 16:48:32.000 {"ap": "04:F0:21:4F:FE:4D", "ros_brain": "Cloudip"}
2020-06-25 16:48:32.759 {"ap": "04:F0:21:4F:FE:4D", "ros_brain": "Cloudip"}
2020-06-25 16:48:33.554 {"ap": "04:F0:21:4F:FE:4D", "ros_brain": "Cloudip"}
2020-06-25 16:48:34.382 {"ap": "04:F0:21:4F:FE:4D", "ros_brain": "Cloudip"}
2020-06-25 16:48:35.290 {"ap": "04:F0:21:4F:FE:4D", "ros_brain": "Cloudip"}
2020-06-25 16:48:36.199 {"ap": "04:F0:21:4F:FE:4D", "ros_brain": "Cloudip"}
2020-06-25 16:48:37.109 {"ap": "04:F0:21:4F:FE:4D", "ros_brain": "Cloudip"}
2020-06-25 16:48:37.942 {"ap": "04:F0:21:4F:FE:4D", "ros_brain": "Cloudip"}
2020-06-25 16:48:38.854 {"ap": "04:F0:21:4F:FE:4D", "ros_brain": "Cloudip"}
2020-06-25 16:48:39.761 {"ap": "04:F0:21:4F:FE:4D", "ros_brain": "Cloudip"}
2020-06-25 16:48:40.671 {"ap": "04:F0:21:4F:FE:4D", "ros_brain": "Cloudip"}
2020-06-25 16:48:41.599 {"ap": "04:F0:21:4F:FE:4D", "ros_brain": "Cloudip"}
2020-06-25 16:48:42.505 {"ap": "04:F0:21:4F:FE:4D", "ros_brain": "Cloudip"}
2020-06-25 16:48:43.399 {"ap": "04:F0:21:4F:FE:4D", "ros_brain": "Cloudip"}
2020-06-25 16:48:44.301 {"ap": "04:F0:21:4F:FE:4D", "ros_brain": "Cloudip"}
2020-06-25 16:48:45.214 {"ap": "04:F0:21:4F:FE:4D", "ros_brain": "Cloudip"}
2020-06-25 16:48:46.122 {"ap": "04:F0:21:4F:FE:4D", "ros_brain": "Cloudip"}
2020-06-25 16:48:47.032 {"ap": "04:F0:21:4F:FE:4D", "ros_brain": "Cloudip"}
2020-06-25 16:48:47.935 {"ap": "04:F0:21:4F:FE:4D", "ros_brain": "Cloudip"}
2020-06-25 16:48:48.845 {"ap": "04:F0:21:4F:FE:4D", "ros_brain": "Cloudip"}
2020-06-25 16:48:49.757 {"ap": "04:F0:21:4F:FE:4D", "ros_brain": "Cloudip"}
2020-06-25 16:48:50.662 {"ap": "04:F0:21:4F:FE:4D", "ros_brain": "Cloudip"}
2020-06-25 16:48:51.573 {"ap": "04:F0:21:4F:FE:4D", "ros_brain": "Cloudip"}
2020-06-25 16:48:52.478 {"ap": "04:F0:21:4F:FE:4D", "ros_brain": "Cloudip"}
2020-06-25 16:48:53.586 {"ap": "04:F0:21:4F:FE:4D", "ros_brain": "Cloudip"}
2020-06-25 16:48:54.535 {"ap": "04:F0:21:4F:FE:4D", "ros_brain": "Cloudip"}
2020-06-25 16:48:55.214 {"ap": "04:F0:21:4F:FE:4D", "ros_brain": "Cloudip"}
2020-06-25 16:48:56.128 {"ap": "04:F0:21:4F:FE:4D", "ros_brain": "Cloudip"}
2020-06-25 16:48:57.032 {"ap": "04:F0:21:4F:FE:4D", "ros_brain": "Cloudip"}
2020-06-25 16:48:57.945 {"ap": "04:F0:21:4F:FE:4D", "ros_brain": "Cloudip"}
2020-06-25 16:48:58.853 {"ap": "04:F0:21:4F:FE:4D", "ros_brain": "Cloudip"}
2020-06-25 16:48:59.756 {"ap": "04:F0:21:4F:FE:4D", "ros_brain": "Cloudip"}
2020-06-25 16:49:00.669 {"ap": "04:F0:21:4F:FE:4D", "ros_brain": "Cloudip"}
2020-06-25 16:49:01.594 {"ap": "04:F0:21:4F:FE:4D", "ros_brain": "Cloudip"}
2020-06-25 16:49:02.485 {"ap": "04:F0:21:4F:FE:4D", "ros_brain": "Cloudip"}
2020-06-25 16:49:03.546 {"ap": "04:F0:21:4F:FE:4D", "ros_brain": "Cloudip"}
2020-06-25 16:49:04.669 {"ap": "00:C0:CA:1B:34:0B", "ros_brain": "Cloudip"}
2020-06-25 16:49:05.228 {"ap": "00:C0:CA:1B:34:0B", "ros_brain": "Cloudip"}
2020-06-25 16:49:06.122 {"ap": "00:C0:CA:1B:34:0B", "ros_brain": "Cloudip"}
2020-06-25 16:49:07.041 {"ap": "00:C0:CA:1B:34:0B", "ros_brain": "Cloudip"}
2020-06-25 16:49:07.969 {"ap": "00:C0:CA:1B:34:0B", "ros_brain": "Cloudip"}
2020-06-25 16:49:09.848 {"ap": "00:C0:CA:1B:34:0B", "ros_brain": "Cloudip"}
2020-06-25 16:49:09.921 {"ap": "00:C0:CA:1B:34:0B", "ros_brain": "Cloudip"}
2020-06-25 16:49:10.722 {"ap": "00:C0:CA:1B:34:0B", "ros_brain": "Cloudip"}
2020-06-25 16:49:11.571 {"ap": "00:C0:CA:1B:34:0B", "ros_brain": "Cloudip"}
2020-06-25 16:49:12.481 {"ap": "00:C0:CA:1B:34:0B", "ros_brain": "Cloudip"}
2020-06-25 16:49:13.384 {"ap": "00:C0:CA:1B:34:0B", "ros_brain": "Cloudip"}
2020-06-25 16:49:14.295 {"ap": "00:C0:CA:1B:34:0B", "ros_brain": "Cloudip"}
2020-06-25 16:49:15.199 {"ap": "00:C0:CA:1B:34:0B", "ros_brain": "Cloudip"}
2020-06-25 16:49:16.106 {"ap": "00:C0:CA:1B:34:0B", "ros_brain": "Cloudip"}
2020-06-25 16:49:17.016 {"ap": "00:C0:CA:1B:34:0B", "ros_brain": "Cloudip"}
2020-06-25 16:49:17.935 {"ap": "00:C0:CA:1B:34:0B", "ros_brain": "Cloudip"}
2020-06-25 16:49:18.831 {"ap": "00:C0:CA:1B:34:0B", "ros_brain": "Cloudip"}
2020-06-25 16:49:19.902 {"ap": "00:C0:CA:1B:34:0B", "ros_brain": "Cloudip"}
2020-06-25 16:49:20.789 {"ap": "00:C0:CA:1B:34:0B", "ros_brain": "Cloudip"}
2020-06-25 16:49:21.548 {"ap": "04:F0:21:4F:FE:4D", "ros_brain": "Cloudip"}
2020-06-25 16:49:22.461 {"ap": "04:F0:21:4F:FE:4D", "ros_brain": "Cloudip"}
2020-06-25 16:49:23.367 {"ap": "04:F0:21:4F:FE:4D", "ros_brain": "Cloudip"}
2020-06-25 16:49:24.279 {"ap": "04:F0:21:4F:FE:4D", "ros_brain": "Cloudip"}
2020-06-25 16:49:25.211 {"ap": "04:F0:21:4F:FE:4D", "ros_brain": "Cloudip"}
2020-06-25 16:49:26.095 {"ap": "04:F0:21:4F:FE:4D", "ros_brain": "Cloudip"}
2020-06-25 16:49:27.079 {"ap": "04:F0:21:4F:FE:4D", "ros_brain": "Cloudip"}
2020-06-25 16:49:28.049 {"ap": "04:F0:21:4F:FE:4D", "ros_brain": "Cloudip"}
2020-06-25 16:49:29.038 {"ap": "04:F0:21:4F:FE:4D", "ros_brain": "Cloudip"}
2020-06-25 16:49:30.022 {"ap": "04:F0:21:4F:FE:4D", "ros_brain": "Cloudip"}
2020-06-25 16:49:31.026 {"ap": "04:F0:21:4F:FE:4D", "ros_brain": "Cloudip"}
2020-06-25 16:49:31.991 {"ap": "04:F0:21:4F:FE:4D", "ros_brain": "Cloudip"}
2020-06-25 16:49:32.980 {"ap": "04:F0:21:4F:FE:4D", "ros_brain": "Cloudip"}
2020-06-25 16:49:33.962 {"ap": "04:F0:21:4F:FE:4D", "ros_brain": "Cloudip"}
2020-06-25 16:49:34.941 {"ap": "04:F0:21:4F:FE:4D", "ros_brain": "Cloudip"}
2020-06-25 16:49:36.120 {"ap": "04:F0:21:4F:FE:4D", "ros_brain": "Cloudip"}
2020-06-25 16:49:37.252 {"ap": "00:C0:CA:1B:34:2E", "ros_brain": "Cloudip"}
2020-06-25 16:49:37.785 {"ap": "00:C0:CA:1B:34:2E", "ros_brain": "Cloudip"}
2020-06-25 16:49:38.702 {"ap": "00:C0:CA:1B:34:2E", "ros_brain": "Cloudip"}
2020-06-25 16:49:39.605 {"ap": "00:C0:CA:1B:34:2E", "ros_brain": "Cloudip"}
2020-06-25 16:49:40.518 {"ap": "00:C0:CA:1B:34:2E", "ros_brain": "Cloudip"}
2020-06-25 16:49:41.421 {"ap": "00:C0:CA:1B:34:2E", "ros_brain": "Cloudip"}
2020-06-25 16:49:42.334 {"ap": "00:C0:CA:1B:34:2E", "ros_brain": "Cloudip"}
2020-06-25 16:49:43.239 {"ap": "00:C0:CA:1B:34:2E", "ros_brain": "Cloudip"}
2020-06-25 16:49:43.925 {"ap": "00:C0:CA:1B:34:2E", "ros_brain": "Cloudip"}
2020-06-25 16:49:44.607 {"ap": "00:C0:CA:1B:34:2E", "ros_brain": "Cloudip"}
2020-06-25 16:49:45.511 {"ap": "00:C0:CA:1B:34:2E", "ros_brain": "Cloudip"}
2020-06-25 16:49:46.418 {"ap": "00:C0:CA:1B:34:2E", "ros_brain": "Cloudip"}
2020-06-25 16:49:47.333 {"ap": "00:C0:CA:1B:34:2E", "ros_brain": "Cloudip"}
2020-06-25 16:49:48.249 {"ap": "00:C0:CA:1B:34:2E", "ros_brain": "Cloudip"}
2020-06-25 16:49:49.076 {"ap": "00:C0:CA:1B:34:2E", "ros_brain": "Cloudip"}
2020-06-25 16:49:49.996 {"ap": "00:C0:CA:1B:34:2E", "ros_brain": "Cloudip"}
2020-06-25 16:49:50.899 {"ap": "00:C0:CA:1B:34:2E", "ros_brain": "Cloudip"}
2020-06-25 16:49:51.807 {"ap": "00:C0:CA:1B:34:2E", "ros_brain": "Cloudip"}
2020-06-25 16:49:52.718 {"ap": "00:C0:CA:1B:34:2E", "ros_brain": "Cloudip"}
2020-06-25 16:49:53.622 {"ap": "00:C0:CA:1B:34:2E", "ros_brain": "Cloudip"}
2020-06-25 16:49:54.541 {"ap": "00:C0:CA:1B:34:2E", "ros_brain": "Cloudip"}
2020-06-25 16:49:55.446 {"ap": "00:C0:CA:1B:34:2E", "ros_brain": "Cloudip"}
2020-06-25 16:49:56.362 {"ap": "00:C0:CA:1B:34:2E", "ros_brain": "Cloudip"}
2020-06-25 16:49:57.507 {"ap": "00:C0:CA:1B:34:2E", "ros_brain": "Cloudip"}
2020-06-25 16:49:58.367 {"ap": "00:C0:CA:1B:34:2E", "ros_brain": "Cloudip"}
2020-06-25 16:49:59.192 {"ap": "00:C0:CA:1B:34:2E", "ros_brain": "Cloudip"}
2020-06-25 16:50:00.167 {"ap": "00:C0:CA:1B:34:2E", "ros_brain": "Cloudip"}
2020-06-25 16:50:01.022 {"ap": "00:C0:CA:1B:34:2E", "ros_brain": "Cloudip"}
2020-06-25 16:50:01.994 {"ap": "00:C0:CA:1B:34:2E", "ros_brain": "Cloudip"}
2020-06-25 16:50:02.719 {"ap": "00:C0:CA:1B:34:2E", "ros_brain": "Cloudip"}
2020-06-25 16:50:03.632 {"ap": "00:C0:CA:1B:34:2E", "ros_brain": "Cloudip"}
2020-06-25 16:50:04.541 {"ap": "00:C0:CA:1B:34:2E", "ros_brain": "Cloudip"}
2020-06-25 16:50:05.451 {"ap": "00:C0:CA:1B:34:2E", "ros_brain": "Cloudip"}
2020-06-25 16:50:06.353 {"ap": "00:C0:CA:1B:34:2E", "ros_brain": "Cloudip"}
2020-06-25 16:50:07.261 {"ap": "00:C0:CA:1B:34:2E", "ros_brain": "Cloudip"}
2020-06-25 16:50:08.165 {"ap": "00:C0:CA:1B:34:2E", "ros_brain": "Cloudip"}
2020-06-25 16:50:09.070 {"ap": "00:C0:CA:1B:34:2E", "ros_brain": "Cloudip"}
2020-06-25 16:50:09.987 {"ap": "00:C0:CA:1B:34:2E", "ros_brain": "Cloudip"}
2020-06-25 16:50:10.886 {"ap": "00:C0:CA:1B:34:2E", "ros_brain": "Cloudip"}
2020-06-25 16:50:11.798 {"ap": "00:C0:CA:1B:34:2E", "ros_brain": "Cloudip"}
2020-06-25 16:50:12.698 {"ap": "00:C0:CA:1B:34:2E", "ros_brain": "Cloudip"}
2020-06-25 16:50:13.620 {"ap": "00:C0:CA:1B:34:2E", "ros_brain": "Cloudip"}
2020-06-25 16:50:14.526 {"ap": "00:C0:CA:1B:34:2E", "ros_brain": "Cloudip"}
2020-06-25 16:50:15.431 {"ap": "00:C0:CA:1B:34:2E", "ros_brain": "Cloudip"}
2020-06-25 16:50:16.348 {"ap": "00:C0:CA:1B:34:2E", "ros_brain": "Cloudip"}
2020-06-25 16:50:17.247 {"ap": "00:C0:CA:1B:34:2E", "ros_brain": "Cloudip"}
2020-06-25 16:50:18.155 {"ap": "00:C0:CA:1B:34:2E", "ros_brain": "Cloudip"}
2020-06-25 16:50:19.062 {"ap": "00:C0:CA:1B:34:2E", "ros_brain": "Cloudip"}
2020-06-25 16:50:19.964 {"ap": "00:C0:CA:1B:34:2E", "ros_brain": "Cloudip"}
2020-06-25 16:50:20.884 {"ap": "00:C0:CA:1B:34:2E", "ros_brain": "Cloudip"}
2020-06-25 16:50:21.780 {"ap": "00:C0:CA:1B:34:2E", "ros_brain": "Cloudip"}
2020-06-25 16:50:22.859 {"ap": "00:C0:CA:1B:34:2E", "ros_brain": "Cloudip"}
2020-06-25 16:50:24.037 {"ap": "00:C0:CA:1B:34:2E", "ros_brain": "Cloudip"}
2020-06-25 16:50:24.510 {"ap": "00:C0:CA:1F:40:EB", "ros_brain": "Cloudip"}
2020-06-25 16:50:25.401 {"ap": "00:C0:CA:1F:40:EB", "ros_brain": "Cloudip"}
2020-06-25 16:50:26.297 {"ap": "00:C0:CA:1F:40:EB", "ros_brain": "Cloudip"}
2020-06-25 16:50:27.232 {"ap": "00:C0:CA:1F:40:EB", "ros_brain": "Cloudip"}
2020-06-25 16:50:28.120 {"ap": "00:C0:CA:1F:40:EB", "ros_brain": "Cloudip"}
2020-06-25 16:50:29.033 {"ap": "00:C0:CA:1F:40:EB", "ros_brain": "Cloudip"}
2020-06-25 16:50:29.944 {"ap": "00:C0:CA:1F:40:EB", "ros_brain": "Cloudip"}
2020-06-25 16:50:30.841 {"ap": "00:C0:CA:1F:40:EB", "ros_brain": "Cloudip"}
2020-06-25 16:50:31.746 {"ap": "00:C0:CA:1F:40:EB", "ros_brain": "Cloudip"}
2020-06-25 16:50:32.661 {"ap": "00:C0:CA:1F:40:EB", "ros_brain": "Cloudip"}
2020-06-25 16:50:33.560 {"ap": "00:C0:CA:1F:40:EB", "ros_brain": "Cloudip"}
2020-06-25 16:50:34.487 {"ap": "00:C0:CA:1F:40:EB", "ros_brain": "Cloudip"}
2020-06-25 16:50:35.379 {"ap": "00:C0:CA:1F:40:EB", "ros_brain": "Cloudip"}
2020-06-25 16:50:36.286 {"ap": "00:C0:CA:1F:40:EB", "ros_brain": "Cloudip"}
2020-06-25 16:50:37.208 {"ap": "00:C0:CA:1F:40:EB", "ros_brain": "Cloudip"}
2020-06-25 16:50:38.103 {"ap": "00:C0:CA:1F:40:EB", "ros_brain": "Cloudip"}
2020-06-25 16:50:39.020 {"ap": "00:C0:CA:1F:40:EB", "ros_brain": "Cloudip"}
2020-06-25 16:50:39.924 {"ap": "00:C0:CA:1F:40:EB", "ros_brain": "Cloudip"}
2020-06-25 16:50:40.867 {"ap": "00:C0:CA:1F:40:EB", "ros_brain": "Cloudip"}
2020-06-25 16:50:41.746 {"ap": "00:C0:CA:1F:40:EB", "ros_brain": "Cloudip"}
2020-06-25 16:50:42.632 {"ap": "00:C0:CA:1F:40:EB", "ros_brain": "Cloudip"}
2020-06-25 16:50:43.546 {"ap": "00:C0:CA:1F:40:EB", "ros_brain": "Cloudip"}
2020-06-25 16:50:44.894 {"ap": "00:C0:CA:1F:40:EB", "ros_brain": "Cloudip"}
2020-06-25 16:50:45.651 {"ap": "00:1F:C6:60:DC:36", "ros_brain": "Cloudip"}
2020-06-25 16:50:46.276 {"ap": "00:1F:C6:60:DC:36", "ros_brain": "Cloudip"}
2020-06-25 16:50:47.181 {"ap": "00:1F:C6:60:DC:36", "ros_brain": "Cloudip"}
2020-06-25 16:50:48.084 {"ap": "00:1F:C6:60:DC:36", "ros_brain": "Cloudip"}
2020-06-25 16:50:49.000 {"ap": "00:1F:C6:60:DC:36", "ros_brain": "Cloudip"}
2020-06-25 16:50:49.905 {"ap": "00:1F:C6:60:DC:36", "ros_brain": "Cloudip"}
2020-06-25 16:50:50.803 {"ap": "00:1F:C6:60:DC:36", "ros_brain": "Cloudip"}
2020-06-25 16:50:51.714 {"ap": "00:1F:C6:60:DC:36", "ros_brain": "Cloudip"}
2020-06-25 16:50:52.621 {"ap": "00:1F:C6:60:DC:36", "ros_brain": "Cloudip"}
2020-06-25 16:50:53.535 {"ap": "00:1F:C6:60:DC:36", "ros_brain": "Cloudip"}
2020-06-25 16:50:54.435 {"ap": "00:1F:C6:60:DC:36", "ros_brain": "Cloudip"}
2020-06-25 16:50:55.341 {"ap": "00:1F:C6:60:DC:36", "ros_brain": "Cloudip"}
2020-06-25 16:50:56.251 {"ap": "00:1F:C6:60:DC:36", "ros_brain": "Cloudip"}
2020-06-25 16:50:57.159 {"ap": "00:1F:C6:60:DC:36", "ros_brain": "Cloudip"}
2020-06-25 16:50:58.072 {"ap": "00:1F:C6:60:DC:36", "ros_brain": "Cloudip"}
2020-06-25 16:50:59.348 {"ap": "00:1F:C6:60:DC:36", "ros_brain": "Cloudip"}
2020-06-25 16:51:00.411 {"ap": "00:1F:C6:60:DC:36", "ros_brain": "Cloudip"}
2020-06-25 16:51:00.714 {"ap": "00:1F:C6:60:DC:36", "ros_brain": "Cloudip"}
2020-06-25 16:51:00.942 {"ap": "00:1F:C6:60:DC:36", "ros_brain": "Cloudip"}
2020-06-25 16:51:01.162 {"ap": "00:1F:C6:60:DC:36", "ros_brain": "Cloudip"}
2020-06-25 16:51:01.395 {"ap": "00:1F:C6:60:DC:36", "ros_brain": "Cloudip"}
2020-06-25 16:51:01.617 {"ap": "00:1F:C6:60:DC:36", "ros_brain": "Cloudip"}
2020-06-25 16:51:01.770 {"ap": "00:1F:C6:60:DC:36", "ros_brain": "Cloudip"}
2020-06-25 16:51:01.994 {"ap": "00:1F:C6:60:DC:36", "ros_brain": "Cloudip"}
2020-06-25 16:51:02.226 {"ap": "00:1F:C6:60:DC:36", "ros_brain": "Cloudip"}
2020-06-25 16:51:02.525 {"ap": "00:1F:C6:60:DC:36", "ros_brain": "Cloudip"}
2020-06-25 16:51:03.049 {"ap": "00:1F:C6:60:DC:36", "ros_brain": "Cloudip"}
