2020-06-25 13:01:23.798 {"ros_brain": "Cloudip", "ap": "00:1f:c6:60:dc:36"}
2020-06-25 13:03:15.794 {"ros_brain": "Cloudip", "ap": "00:1f:c6:60:dc:36"}
2020-06-25 13:04:08.471 {"ros_brain": "Cloudip", "ap": "00:1f:c6:60:dc:36"}
2020-06-25 13:04:09.530 {"ros_brain": "Cloudip", "ap": "00:1f:c6:60:dc:36"}
2020-06-25 13:04:10.585 {"ros_brain": "Cloudip", "ap": "00:1f:c6:60:dc:36"}
2020-06-25 13:04:12.575 {"ros_brain": "Cloudip", "ap": "00:1f:c6:60:dc:36"}
2020-06-25 13:04:12.580 {"ros_brain": "Cloudip", "ap": "00:1f:c6:60:dc:36"}
2020-06-25 13:04:13.521 {"ros_brain": "Cloudip", "ap": "00:1f:c6:60:dc:36"}
2020-06-25 13:04:14.502 {"ros_brain": "Cloudip", "ap": "00:1f:c6:60:dc:36"}
2020-06-25 13:04:16.630 {"ros_brain": "Cloudip", "ap": "00:1f:c6:60:dc:36"}
2020-06-25 13:04:16.635 {"ros_brain": "Cloudip", "ap": "00:1f:c6:60:dc:36"}
2020-06-25 13:04:17.295 {"ros_brain": "Cloudip", "ap": "00:1f:c6:60:dc:36"}
2020-06-25 13:04:18.200 {"ros_brain": "Cloudip", "ap": "00:1f:c6:60:dc:36"}
2020-06-25 13:04:20.337 {"ros_brain": "Cloudip", "ap": "00:c0:ca:1f:40:eb"}
2020-06-25 13:04:20.346 {"ros_brain": "Cloudip", "ap": "00:c0:ca:1f:40:eb"}
2020-06-25 13:04:20.912 {"ros_brain": "Cloudip", "ap": "00:c0:ca:1f:40:eb"}
2020-06-25 13:04:21.827 {"ros_brain": "Cloudip", "ap": "00:c0:ca:1f:40:eb"}
2020-06-25 13:04:23.849 {"ros_brain": "Cloudip", "ap": "00:c0:ca:1f:40:eb"}
2020-06-25 13:04:23.853 {"ros_brain": "Cloudip", "ap": "00:c0:ca:1f:40:eb"}
2020-06-25 13:04:24.535 {"ros_brain": "Cloudip", "ap": "00:c0:ca:1f:40:eb"}
2020-06-25 13:04:25.490 {"ros_brain": "Cloudip", "ap": "00:c0:ca:1f:40:eb"}
2020-06-25 13:04:27.269 {"ros_brain": "Cloudip", "ap": "00:c0:ca:1f:40:eb"}
2020-06-25 13:04:27.274 {"ros_brain": "Cloudip", "ap": "00:c0:ca:1f:40:eb"}
2020-06-25 13:04:28.155 {"ros_brain": "Cloudip", "ap": "00:c0:ca:1f:40:eb"}
2020-06-25 13:04:29.058 {"ros_brain": "Cloudip", "ap": "00:c0:ca:1f:40:eb"}
2020-06-25 13:04:31.032 {"ros_brain": "Cloudip", "ap": "00:c0:ca:1f:40:eb"}
2020-06-25 13:04:31.036 {"ros_brain": "Cloudip", "ap": "00:c0:ca:1f:40:eb"}
2020-06-25 13:04:31.791 {"ros_brain": "Cloudip", "ap": "00:c0:ca:1f:40:eb"}
2020-06-25 13:04:32.689 {"ros_brain": "Cloudip", "ap": "00:c0:ca:1f:40:eb"}
2020-06-25 13:04:34.770 {"ros_brain": "Cloudip", "ap": "00:c0:ca:1f:40:eb"}
2020-06-25 13:04:34.778 {"ros_brain": "Cloudip", "ap": "00:c0:ca:1f:40:eb"}
2020-06-25 13:04:35.399 {"ros_brain": "Cloudip", "ap": "00:c0:ca:1f:40:eb"}
2020-06-25 13:04:36.309 {"ros_brain": "Cloudip", "ap": "00:c0:ca:1f:40:eb"}
2020-06-25 13:04:38.283 {"ros_brain": "Cloudip", "ap": "00:c0:ca:1f:40:eb"}
2020-06-25 13:04:38.288 {"ros_brain": "Cloudip", "ap": "00:c0:ca:1f:40:eb"}
2020-06-25 13:04:39.030 {"ros_brain": "Cloudip", "ap": "00:c0:ca:1f:40:eb"}
2020-06-25 13:04:39.935 {"ros_brain": "Cloudip", "ap": "00:c0:ca:1f:40:eb"}
2020-06-25 13:04:41.861 {"ros_brain": "Cloudip", "ap": "00:c0:ca:1f:40:eb"}
2020-06-25 13:04:41.864 {"ros_brain": "Cloudip", "ap": "00:c0:ca:1f:40:eb"}
2020-06-25 13:04:42.643 {"ros_brain": "Cloudip", "ap": "00:c0:ca:1f:40:eb"}
2020-06-25 13:04:43.636 {"ros_brain": "Cloudip", "ap": "00:c0:ca:1f:40:eb"}
2020-06-25 13:04:45.794 {"ros_brain": "Cloudip", "ap": "00:c0:ca:1f:40:eb"}
2020-06-25 13:04:45.800 {"ros_brain": "Cloudip", "ap": "00:c0:ca:1f:40:eb"}
2020-06-25 13:04:46.494 {"ros_brain": "Cloudip", "ap": "00:c0:ca:1f:40:eb"}
2020-06-25 13:04:47.404 {"ros_brain": "Cloudip", "ap": "00:c0:ca:1f:40:eb"}
2020-06-25 13:04:49.521 {"ros_brain": "Cloudip", "ap": "00:c0:ca:1f:40:eb"}
2020-06-25 13:04:49.525 {"ros_brain": "Cloudip", "ap": "00:c0:ca:1f:40:eb"}
2020-06-25 13:04:50.122 {"ros_brain": "Cloudip", "ap": "00:c0:ca:1f:40:eb"}
2020-06-25 13:04:51.020 {"ros_brain": "Cloudip", "ap": "00:c0:ca:1f:40:eb"}
2020-06-25 13:04:52.970 {"ros_brain": "Cloudip", "ap": "00:c0:ca:1f:40:eb"}
2020-06-25 13:04:52.975 {"ros_brain": "Cloudip", "ap": "00:c0:ca:1f:40:eb"}
2020-06-25 13:04:53.744 {"ros_brain": "Cloudip", "ap": "00:c0:ca:1f:40:eb"}
2020-06-25 13:04:54.648 {"ros_brain": "Cloudip", "ap": "00:c0:ca:1f:40:eb"}
2020-06-25 13:04:56.810 {"ros_brain": "Cloudip", "ap": "00:c0:ca:1f:40:eb"}
2020-06-25 13:04:56.814 {"ros_brain": "Cloudip", "ap": "00:c0:ca:1f:40:eb"}
2020-06-25 13:04:57.360 {"ros_brain": "Cloudip", "ap": "00:c0:ca:1f:40:eb"}
2020-06-25 13:04:58.266 {"ros_brain": "Cloudip", "ap": "00:c0:ca:1f:40:eb"}
2020-06-25 13:05:00.179 {"ros_brain": "Cloudip", "ap": "00:c0:ca:1f:40:eb"}
2020-06-25 13:05:00.184 {"ros_brain": "Cloudip", "ap": "00:c0:ca:1f:40:eb"}
2020-06-25 13:05:00.983 {"ros_brain": "Cloudip", "ap": "00:c0:ca:1f:40:eb"}
2020-06-25 13:05:01.890 {"ros_brain": "Cloudip", "ap": "00:c0:ca:1f:40:eb"}
2020-06-25 13:05:03.983 {"ros_brain": "Cloudip", "ap": "00:c0:ca:1f:40:eb"}
2020-06-25 13:05:03.988 {"ros_brain": "Cloudip", "ap": "00:c0:ca:1f:40:eb"}
2020-06-25 13:05:04.601 {"ros_brain": "Cloudip", "ap": "00:c0:ca:1f:40:eb"}
2020-06-25 13:05:05.501 {"ros_brain": "Cloudip", "ap": "00:c0:ca:1f:40:eb"}
2020-06-25 13:05:07.487 {"ros_brain": "Edgeip", "ap": "00:c0:ca:1b:34:2e"}
2020-06-25 13:05:07.492 {"ros_brain": "Edgeip", "ap": "00:c0:ca:1b:34:2e"}
2020-06-25 13:05:08.353 {"ros_brain": "Edgeip", "ap": "00:c0:ca:1b:34:2e"}
2020-06-25 13:05:09.506 {"ros_brain": "Edgeip", "ap": "00:c0:ca:1b:34:2e"}
2020-06-25 13:05:11.431 {"ros_brain": "Edgeip", "ap": "00:c0:ca:1b:34:2e"}
2020-06-25 13:05:11.615 {"ros_brain": "Edgeip", "ap": "00:c0:ca:1b:34:2e"}
2020-06-25 13:05:12.597 {"ros_brain": "Edgeip", "ap": "00:c0:ca:1b:34:2e"}
2020-06-25 13:05:13.577 {"ros_brain": "Edgeip", "ap": "00:c0:ca:1b:34:2e"}
2020-06-25 13:05:14.553 {"ros_brain": "Edgeip", "ap": "00:c0:ca:1b:34:2e"}
2020-06-25 13:05:16.476 {"ros_brain": "Edgeip", "ap": "00:c0:ca:1b:34:2e"}
2020-06-25 13:05:16.517 {"ros_brain": "Edgeip", "ap": "00:c0:ca:1b:34:2e"}
2020-06-25 13:05:17.420 {"ros_brain": "Edgeip", "ap": "00:c0:ca:1b:34:2e"}
2020-06-25 13:05:18.325 {"ros_brain": "Edgeip", "ap": "00:c0:ca:1b:34:2e"}
2020-06-25 13:05:19.231 {"ros_brain": "Edgeip", "ap": "00:c0:ca:1b:34:2e"}
2020-06-25 13:05:21.111 {"ros_brain": "Edgeip", "ap": "00:c0:ca:1b:34:2e"}
2020-06-25 13:05:21.115 {"ros_brain": "Edgeip", "ap": "00:c0:ca:1b:34:2e"}
2020-06-25 13:05:22.028 {"ros_brain": "Edgeip", "ap": "00:c0:ca:1b:34:2e"}
2020-06-25 13:05:22.925 {"ros_brain": "Edgeip", "ap": "00:c0:ca:1b:34:2e"}
2020-06-25 13:05:23.830 {"ros_brain": "Edgeip", "ap": "00:c0:ca:1b:34:2e"}
2020-06-25 13:05:25.691 {"ros_brain": "Edgeip", "ap": "00:c0:ca:1b:34:2e"}
2020-06-25 13:05:25.694 {"ros_brain": "Edgeip", "ap": "00:c0:ca:1b:34:2e"}
2020-06-25 13:05:26.571 {"ros_brain": "Edgeip", "ap": "00:c0:ca:1b:34:2e"}
2020-06-25 13:05:27.240 {"ros_brain": "Edgeip", "ap": "00:c0:ca:1b:34:2e"}
2020-06-25 13:05:27.915 {"ros_brain": "Edgeip", "ap": "00:c0:ca:1b:34:2e"}
2020-06-25 13:05:29.533 {"ros_brain": "Edgeip", "ap": "00:c0:ca:1b:34:2e"}
2020-06-25 13:05:29.573 {"ros_brain": "Edgeip", "ap": "00:c0:ca:1b:34:2e"}
2020-06-25 13:05:30.632 {"ros_brain": "Edgeip", "ap": "00:c0:ca:1b:34:2e"}
2020-06-25 13:05:31.688 {"ros_brain": "Edgeip", "ap": "00:c0:ca:1b:34:2e"}
2020-06-25 13:05:33.916 {"ros_brain": "Edgeip", "ap": "00:c0:ca:1b:34:2e"}
2020-06-25 13:05:33.924 {"ros_brain": "Edgeip", "ap": "00:c0:ca:1b:34:2e"}
2020-06-25 13:05:34.703 {"ros_brain": "Edgeip", "ap": "00:c0:ca:1b:34:2e"}
2020-06-25 13:05:35.677 {"ros_brain": "Edgeip", "ap": "00:c0:ca:1b:34:2e"}
2020-06-25 13:05:37.802 {"ros_brain": "Edgeip", "ap": "00:c0:ca:1b:34:2e"}
2020-06-25 13:05:37.810 {"ros_brain": "Edgeip", "ap": "00:c0:ca:1b:34:2e"}
2020-06-25 13:05:38.687 {"ros_brain": "Edgeip", "ap": "00:c0:ca:1b:34:2e"}
2020-06-25 13:05:39.671 {"ros_brain": "Edgeip", "ap": "00:c0:ca:1b:34:2e"}
2020-06-25 13:05:41.628 {"ros_brain": "Edgeip", "ap": "00:c0:ca:1b:34:2e"}
2020-06-25 13:05:41.701 {"ros_brain": "Edgeip", "ap": "00:c0:ca:1b:34:2e"}
2020-06-25 13:05:42.762 {"ros_brain": "Edgeip", "ap": "00:c0:ca:1b:34:2e"}
2020-06-25 13:05:43.825 {"ros_brain": "Edgeip", "ap": "00:c0:ca:1b:34:2e"}
2020-06-25 13:05:45.884 {"ros_brain": "Edgeip", "ap": "00:c0:ca:1b:34:2e"}
2020-06-25 13:05:45.926 {"ros_brain": "Edgeip", "ap": "00:c0:ca:1b:34:2e"}
2020-06-25 13:05:46.829 {"ros_brain": "Edgeip", "ap": "00:c0:ca:1b:34:2e"}
2020-06-25 13:05:47.739 {"ros_brain": "Edgeip", "ap": "00:c0:ca:1b:34:2e"}
2020-06-25 13:05:49.720 {"ros_brain": "Edgeip", "ap": "00:c0:ca:1b:34:2e"}
2020-06-25 13:05:49.724 {"ros_brain": "Edgeip", "ap": "00:c0:ca:1b:34:2e"}
2020-06-25 13:05:50.449 {"ros_brain": "Edgeip", "ap": "00:c0:ca:1b:34:2e"}
2020-06-25 13:05:51.347 {"ros_brain": "Edgeip", "ap": "00:c0:ca:1b:34:2e"}
2020-06-25 13:05:53.250 {"ros_brain": "Edgeip", "ap": "00:c0:ca:1b:34:2e"}
2020-06-25 13:05:53.254 {"ros_brain": "Edgeip", "ap": "00:c0:ca:1b:34:2e"}
2020-06-25 13:05:54.067 {"ros_brain": "Edgeip", "ap": "00:c0:ca:1b:34:2e"}
2020-06-25 13:05:54.963 {"ros_brain": "Edgeip", "ap": "00:c0:ca:1b:34:2e"}
2020-06-25 13:05:56.919 {"ros_brain": "Edgeip", "ap": "00:c0:ca:1b:34:2e"}
2020-06-25 13:05:56.923 {"ros_brain": "Edgeip", "ap": "00:c0:ca:1b:34:2e"}
2020-06-25 13:05:57.678 {"ros_brain": "Edgeip", "ap": "00:c0:ca:1b:34:2e"}
2020-06-25 13:05:58.584 {"ros_brain": "Edgeip", "ap": "00:c0:ca:1b:34:2e"}
2020-06-25 13:06:00.476 {"ros_brain": "Edgeip", "ap": "00:c0:ca:1b:34:2e"}
2020-06-25 13:06:00.479 {"ros_brain": "Edgeip", "ap": "00:c0:ca:1b:34:2e"}
2020-06-25 13:06:00.993 {"ros_brain": "Edgeip", "ap": "00:c0:ca:1b:34:2e"}
2020-06-25 13:06:02.054 {"ros_brain": "Edgeip", "ap": "00:c0:ca:1b:34:2e"}
2020-06-25 13:06:02.950 {"ros_brain": "Edgeip", "ap": "00:c0:ca:1b:34:2e"}
2020-06-25 13:06:04.822 {"ros_brain": "Edgeip", "ap": "00:c0:ca:1b:34:2e"}
2020-06-25 13:06:04.831 {"ros_brain": "Edgeip", "ap": "00:c0:ca:1b:34:2e"}
2020-06-25 13:06:05.659 {"ros_brain": "Edgeip", "ap": "00:c0:ca:1b:34:2e"}
2020-06-25 13:06:06.579 {"ros_brain": "Edgeip", "ap": "00:c0:ca:1b:34:2e"}
2020-06-25 13:06:09.427 {"ros_brain": "Edgeip", "ap": "00:c0:ca:1b:34:2e"}
2020-06-25 13:06:09.431 {"ros_brain": "Edgeip", "ap": "00:c0:ca:1b:34:2e"}
2020-06-25 13:06:09.435 {"ros_brain": "Edgeip", "ap": "00:c0:ca:1b:34:2e"}
2020-06-25 13:06:10.207 {"ros_brain": "Edgeip", "ap": "00:c0:ca:1b:34:2e"}
2020-06-25 13:06:12.167 {"ros_brain": "Fogip", "ap": "04:f0:21:4f:fe:4d"}
2020-06-25 13:06:12.174 {"ros_brain": "Fogip", "ap": "04:f0:21:4f:fe:4d"}
2020-06-25 13:06:12.920 {"ros_brain": "Fogip", "ap": "04:f0:21:4f:fe:4d"}
2020-06-25 13:06:14.432 {"ros_brain": "Fogip", "ap": "04:f0:21:4f:fe:4d"}
2020-06-25 13:06:16.401 {"ros_brain": "Fogip", "ap": "04:f0:21:4f:fe:4d"}
2020-06-25 13:06:16.527 {"ros_brain": "Fogip", "ap": "04:f0:21:4f:fe:4d"}
2020-06-25 13:06:17.574 {"ros_brain": "Fogip", "ap": "04:f0:21:4f:fe:4d"}
2020-06-25 13:06:18.555 {"ros_brain": "Fogip", "ap": "04:f0:21:4f:fe:4d"}
2020-06-25 13:06:20.421 {"ros_brain": "Fogip", "ap": "04:f0:21:4f:fe:4d"}
2020-06-25 13:06:20.511 {"ros_brain": "Fogip", "ap": "04:f0:21:4f:fe:4d"}
2020-06-25 13:06:21.490 {"ros_brain": "Fogip", "ap": "04:f0:21:4f:fe:4d"}
2020-06-25 13:06:22.473 {"ros_brain": "Fogip", "ap": "04:f0:21:4f:fe:4d"}
2020-06-25 13:06:24.541 {"ros_brain": "Fogip", "ap": "04:f0:21:4f:fe:4d"}
2020-06-25 13:06:24.546 {"ros_brain": "Fogip", "ap": "04:f0:21:4f:fe:4d"}
2020-06-25 13:06:25.255 {"ros_brain": "Fogip", "ap": "04:f0:21:4f:fe:4d"}
2020-06-25 13:06:26.156 {"ros_brain": "Fogip", "ap": "04:f0:21:4f:fe:4d"}
2020-06-25 13:06:28.212 {"ros_brain": "Fogip", "ap": "04:f0:21:4f:fe:4d"}
2020-06-25 13:06:28.216 {"ros_brain": "Fogip", "ap": "04:f0:21:4f:fe:4d"}
2020-06-25 13:06:28.942 {"ros_brain": "Fogip", "ap": "04:f0:21:4f:fe:4d"}
2020-06-25 13:06:29.852 {"ros_brain": "Fogip", "ap": "04:f0:21:4f:fe:4d"}
2020-06-25 13:06:31.992 {"ros_brain": "Fogip", "ap": "04:f0:21:4f:fe:4d"}
2020-06-25 13:06:31.996 {"ros_brain": "Fogip", "ap": "04:f0:21:4f:fe:4d"}
2020-06-25 13:06:32.554 {"ros_brain": "Fogip", "ap": "04:f0:21:4f:fe:4d"}
2020-06-25 13:06:33.460 {"ros_brain": "Fogip", "ap": "04:f0:21:4f:fe:4d"}
2020-06-25 13:06:35.560 {"ros_brain": "Fogip", "ap": "04:f0:21:4f:fe:4d"}
2020-06-25 13:06:35.563 {"ros_brain": "Fogip", "ap": "04:f0:21:4f:fe:4d"}
2020-06-25 13:06:36.175 {"ros_brain": "Fogip", "ap": "04:f0:21:4f:fe:4d"}
2020-06-25 13:06:37.075 {"ros_brain": "Fogip", "ap": "04:f0:21:4f:fe:4d"}
2020-06-25 13:06:38.922 {"ros_brain": "Fogip", "ap": "04:f0:21:4f:fe:4d"}
2020-06-25 13:06:38.927 {"ros_brain": "Fogip", "ap": "04:f0:21:4f:fe:4d"}
2020-06-25 13:06:39.788 {"ros_brain": "Fogip", "ap": "04:f0:21:4f:fe:4d"}
2020-06-25 13:06:40.696 {"ros_brain": "Fogip", "ap": "04:f0:21:4f:fe:4d"}
2020-06-25 13:06:42.562 {"ros_brain": "Fogip", "ap": "04:f0:21:4f:fe:4d"}
2020-06-25 13:06:42.567 {"ros_brain": "Fogip", "ap": "04:f0:21:4f:fe:4d"}
2020-06-25 13:06:43.399 {"ros_brain": "Fogip", "ap": "04:f0:21:4f:fe:4d"}
2020-06-25 13:06:44.304 {"ros_brain": "Fogip", "ap": "04:f0:21:4f:fe:4d"}
2020-06-25 13:06:46.409 {"ros_brain": "Fogip", "ap": "04:f0:21:4f:fe:4d"}
2020-06-25 13:06:46.413 {"ros_brain": "Fogip", "ap": "04:f0:21:4f:fe:4d"}
2020-06-25 13:06:47.016 {"ros_brain": "Fogip", "ap": "04:f0:21:4f:fe:4d"}
2020-06-25 13:06:47.917 {"ros_brain": "Fogip", "ap": "04:f0:21:4f:fe:4d"}
2020-06-25 13:06:50.066 {"ros_brain": "Fogip", "ap": "04:f0:21:4f:fe:4d"}
2020-06-25 13:06:50.069 {"ros_brain": "Fogip", "ap": "04:f0:21:4f:fe:4d"}
2020-06-25 13:06:50.629 {"ros_brain": "Fogip", "ap": "04:f0:21:4f:fe:4d"}
2020-06-25 13:06:51.535 {"ros_brain": "Fogip", "ap": "04:f0:21:4f:fe:4d"}
2020-06-25 13:06:53.606 {"ros_brain": "Fogip", "ap": "00:c0:ca:1b:34:0b"}
2020-06-25 13:06:53.615 {"ros_brain": "Fogip", "ap": "00:c0:ca:1b:34:0b"}
2020-06-25 13:06:54.245 {"ros_brain": "Fogip", "ap": "00:c0:ca:1b:34:0b"}
2020-06-25 13:06:55.222 {"ros_brain": "Fogip", "ap": "00:c0:ca:1b:34:0b"}
2020-06-25 13:06:57.347 {"ros_brain": "Fogip", "ap": "00:c0:ca:1b:34:0b"}
2020-06-25 13:06:57.351 {"ros_brain": "Fogip", "ap": "00:c0:ca:1b:34:0b"}
2020-06-25 13:06:57.856 {"ros_brain": "Fogip", "ap": "00:c0:ca:1b:34:0b"}
2020-06-25 13:06:58.754 {"ros_brain": "Fogip", "ap": "00:c0:ca:1b:34:0b"}
2020-06-25 13:07:00.857 {"ros_brain": "Fogip", "ap": "00:c0:ca:1b:34:0b"}
2020-06-25 13:07:00.865 {"ros_brain": "Fogip", "ap": "00:c0:ca:1b:34:0b"}
2020-06-25 13:07:01.483 {"ros_brain": "Fogip", "ap": "00:c0:ca:1b:34:0b"}
2020-06-25 13:07:02.382 {"ros_brain": "Fogip", "ap": "00:c0:ca:1b:34:0b"}
2020-06-25 13:07:04.472 {"ros_brain": "Fogip", "ap": "00:c0:ca:1b:34:0b"}
2020-06-25 13:07:04.478 {"ros_brain": "Fogip", "ap": "00:c0:ca:1b:34:0b"}
2020-06-25 13:07:05.096 {"ros_brain": "Fogip", "ap": "00:c0:ca:1b:34:0b"}
2020-06-25 13:07:06.000 {"ros_brain": "Fogip", "ap": "00:c0:ca:1b:34:0b"}
2020-06-25 13:07:07.905 {"ros_brain": "Fogip", "ap": "00:c0:ca:1b:34:0b"}
2020-06-25 13:07:07.910 {"ros_brain": "Fogip", "ap": "00:c0:ca:1b:34:0b"}
2020-06-25 13:07:08.710 {"ros_brain": "Fogip", "ap": "00:c0:ca:1b:34:0b"}
2020-06-25 13:07:09.617 {"ros_brain": "Fogip", "ap": "00:c0:ca:1b:34:0b"}
2020-06-25 13:07:11.545 {"ros_brain": "Fogip", "ap": "00:c0:ca:1b:34:0b"}
2020-06-25 13:07:11.551 {"ros_brain": "Fogip", "ap": "00:c0:ca:1b:34:0b"}
2020-06-25 13:07:12.324 {"ros_brain": "Fogip", "ap": "00:c0:ca:1b:34:0b"}
2020-06-25 13:07:13.230 {"ros_brain": "Fogip", "ap": "00:c0:ca:1b:34:0b"}
2020-06-25 13:07:15.101 {"ros_brain": "Fogip", "ap": "00:c0:ca:1b:34:0b"}
2020-06-25 13:07:15.179 {"ros_brain": "Fogip", "ap": "00:c0:ca:1b:34:0b"}
2020-06-25 13:07:16.838 {"ros_brain": "Fogip", "ap": "00:c0:ca:1b:34:0b"}
2020-06-25 13:07:17.444 {"ros_brain": "Fogip", "ap": "00:c0:ca:1b:34:0b"}
2020-06-25 13:07:17.897 {"ros_brain": "Fogip", "ap": "00:c0:ca:1b:34:0b"}
2020-06-25 13:07:18.351 {"ros_brain": "Fogip", "ap": "00:c0:ca:1b:34:0b"}
2020-06-25 13:07:19.022 {"ros_brain": "Fogip", "ap": "00:c0:ca:1b:34:0b"}
2020-06-25 13:08:09.876 {"ros_brain": "Fogip", "ap": "00:c0:ca:1b:34:0b"}
2020-06-25 13:08:10.407 {"ros_brain": "Fogip", "ap": "00:c0:ca:1b:34:0b"}
2020-06-25 13:08:10.784 {"ros_brain": "Fogip", "ap": "00:c0:ca:1b:34:0b"}
2020-06-25 13:08:11.159 {"ros_brain": "Fogip", "ap": "00:c0:ca:1b:34:0b"}
2020-06-25 13:08:11.461 {"ros_brain": "Fogip", "ap": "00:c0:ca:1b:34:0b"}
2020-06-25 13:08:11.764 {"ros_brain": "Fogip", "ap": "00:c0:ca:1b:34:0b"}
2020-06-25 13:08:12.143 {"ros_brain": "Fogip", "ap": "00:c0:ca:1b:34:0b"}
2020-06-25 13:08:13.191 {"ros_brain": "Fogip", "ap": "00:c0:ca:1b:34:0b"}
2020-06-25 13:08:14.163 {"ros_brain": "Fogip", "ap": "00:c0:ca:1b:34:0b"}
2020-06-25 13:08:15.155 {"ros_brain": "Fogip", "ap": "00:c0:ca:1b:34:0b"}
2020-06-25 13:08:16.137 {"ros_brain": "Fogip", "ap": "00:c0:ca:1b:34:0b"}
2020-06-25 13:08:18.379 {"ros_brain": "Fogip", "ap": "00:c0:ca:1b:34:0b"}
2020-06-25 13:08:18.383 {"ros_brain": "Fogip", "ap": "00:c0:ca:1b:34:0b"}
2020-06-25 13:08:18.996 {"ros_brain": "Fogip", "ap": "00:c0:ca:1b:34:0b"}
2020-06-25 13:08:19.888 {"ros_brain": "Fogip", "ap": "00:c0:ca:1b:34:0b"}
2020-06-25 13:08:21.957 {"ros_brain": "Fogip", "ap": "00:c0:ca:1b:34:0b"}
2020-06-25 13:08:21.960 {"ros_brain": "Fogip", "ap": "00:c0:ca:1b:34:0b"}
2020-06-25 13:08:22.615 {"ros_brain": "Fogip", "ap": "00:c0:ca:1b:34:0b"}
2020-06-25 13:08:23.520 {"ros_brain": "Fogip", "ap": "00:c0:ca:1b:34:0b"}
2020-06-25 13:08:25.455 {"ros_brain": "Fogip", "ap": "00:c0:ca:1b:34:0b"}
2020-06-25 13:08:25.459 {"ros_brain": "Fogip", "ap": "00:c0:ca:1b:34:0b"}
2020-06-25 13:08:26.221 {"ros_brain": "Fogip", "ap": "00:c0:ca:1b:34:0b"}
2020-06-25 13:08:27.128 {"ros_brain": "Fogip", "ap": "00:c0:ca:1b:34:0b"}
2020-06-25 13:08:29.233 {"ros_brain": "Fogip", "ap": "00:c0:ca:1b:34:0b"}
2020-06-25 13:08:29.238 {"ros_brain": "Fogip", "ap": "00:c0:ca:1b:34:0b"}
2020-06-25 13:08:29.839 {"ros_brain": "Fogip", "ap": "00:c0:ca:1b:34:0b"}
2020-06-25 13:08:30.740 {"ros_brain": "Fogip", "ap": "00:c0:ca:1b:34:0b"}
2020-06-25 13:08:32.605 {"ros_brain": "Fogip", "ap": "00:c0:ca:1b:34:0b"}
2020-06-25 13:08:32.610 {"ros_brain": "Fogip", "ap": "00:c0:ca:1b:34:0b"}
2020-06-25 13:08:33.452 {"ros_brain": "Fogip", "ap": "00:c0:ca:1b:34:0b"}
2020-06-25 13:08:34.352 {"ros_brain": "Fogip", "ap": "00:c0:ca:1b:34:0b"}
2020-06-25 13:08:36.412 {"ros_brain": "Fogip", "ap": "00:c0:ca:1b:34:0b"}
2020-06-25 13:08:36.416 {"ros_brain": "Fogip", "ap": "00:c0:ca:1b:34:0b"}
2020-06-25 13:08:37.062 {"ros_brain": "Fogip", "ap": "00:c0:ca:1b:34:0b"}
2020-06-25 13:08:37.966 {"ros_brain": "Fogip", "ap": "00:c0:ca:1b:34:0b"}
2020-06-25 13:08:40.064 {"ros_brain": "Fogip", "ap": "00:c0:ca:1b:34:0b"}
2020-06-25 13:08:40.067 {"ros_brain": "Fogip", "ap": "00:c0:ca:1b:34:0b"}
2020-06-25 13:08:40.677 {"ros_brain": "Fogip", "ap": "00:c0:ca:1b:34:0b"}
2020-06-25 13:08:41.573 {"ros_brain": "Fogip", "ap": "00:c0:ca:1b:34:0b"}
2020-06-25 13:08:43.641 {"ros_brain": "Fogip", "ap": "04:f0:21:4f:fe:4d"}
2020-06-25 13:08:43.646 {"ros_brain": "Fogip", "ap": "04:f0:21:4f:fe:4d"}
2020-06-25 13:08:44.371 {"ros_brain": "Fogip", "ap": "04:f0:21:4f:fe:4d"}
2020-06-25 13:08:45.214 {"ros_brain": "Fogip", "ap": "04:f0:21:4f:fe:4d"}
2020-06-25 13:08:47.017 {"ros_brain": "Fogip", "ap": "04:f0:21:4f:fe:4d"}
2020-06-25 13:08:47.035 {"ros_brain": "Fogip", "ap": "04:f0:21:4f:fe:4d"}
2020-06-25 13:08:47.897 {"ros_brain": "Fogip", "ap": "04:f0:21:4f:fe:4d"}
2020-06-25 13:08:48.878 {"ros_brain": "Fogip", "ap": "04:f0:21:4f:fe:4d"}
2020-06-25 13:08:50.816 {"ros_brain": "Fogip", "ap": "04:f0:21:4f:fe:4d"}
2020-06-25 13:08:50.821 {"ros_brain": "Fogip", "ap": "04:f0:21:4f:fe:4d"}
2020-06-25 13:08:51.502 {"ros_brain": "Fogip", "ap": "04:f0:21:4f:fe:4d"}
2020-06-25 13:08:52.407 {"ros_brain": "Fogip", "ap": "04:f0:21:4f:fe:4d"}
2020-06-25 13:08:54.348 {"ros_brain": "Fogip", "ap": "04:f0:21:4f:fe:4d"}
2020-06-25 13:08:54.352 {"ros_brain": "Fogip", "ap": "04:f0:21:4f:fe:4d"}
2020-06-25 13:08:55.109 {"ros_brain": "Fogip", "ap": "04:f0:21:4f:fe:4d"}
2020-06-25 13:08:56.014 {"ros_brain": "Fogip", "ap": "04:f0:21:4f:fe:4d"}
2020-06-25 13:08:57.889 {"ros_brain": "Fogip", "ap": "04:f0:21:4f:fe:4d"}
2020-06-25 13:08:57.892 {"ros_brain": "Fogip", "ap": "04:f0:21:4f:fe:4d"}
2020-06-25 13:08:58.728 {"ros_brain": "Fogip", "ap": "04:f0:21:4f:fe:4d"}
2020-06-25 13:08:59.629 {"ros_brain": "Fogip", "ap": "04:f0:21:4f:fe:4d"}
2020-06-25 13:09:01.573 {"ros_brain": "Fogip", "ap": "04:f0:21:4f:fe:4d"}
2020-06-25 13:09:01.579 {"ros_brain": "Fogip", "ap": "04:f0:21:4f:fe:4d"}
2020-06-25 13:09:02.344 {"ros_brain": "Fogip", "ap": "04:f0:21:4f:fe:4d"}
2020-06-25 13:09:03.248 {"ros_brain": "Fogip", "ap": "04:f0:21:4f:fe:4d"}
2020-06-25 13:09:05.139 {"ros_brain": "Fogip", "ap": "04:f0:21:4f:fe:4d"}
2020-06-25 13:09:05.145 {"ros_brain": "Fogip", "ap": "04:f0:21:4f:fe:4d"}
2020-06-25 13:09:05.958 {"ros_brain": "Fogip", "ap": "04:f0:21:4f:fe:4d"}
2020-06-25 13:09:06.865 {"ros_brain": "Fogip", "ap": "04:f0:21:4f:fe:4d"}
2020-06-25 13:09:08.760 {"ros_brain": "Fogip", "ap": "04:f0:21:4f:fe:4d"}
2020-06-25 13:09:08.764 {"ros_brain": "Fogip", "ap": "04:f0:21:4f:fe:4d"}
2020-06-25 13:09:09.566 {"ros_brain": "Fogip", "ap": "04:f0:21:4f:fe:4d"}
2020-06-25 13:09:10.468 {"ros_brain": "Fogip", "ap": "04:f0:21:4f:fe:4d"}
2020-06-25 13:09:12.317 {"ros_brain": "Fogip", "ap": "04:f0:21:4f:fe:4d"}
2020-06-25 13:09:12.322 {"ros_brain": "Fogip", "ap": "04:f0:21:4f:fe:4d"}
2020-06-25 13:09:13.183 {"ros_brain": "Fogip", "ap": "04:f0:21:4f:fe:4d"}
2020-06-25 13:09:14.084 {"ros_brain": "Fogip", "ap": "04:f0:21:4f:fe:4d"}
2020-06-25 13:09:15.900 {"ros_brain": "Fogip", "ap": "04:f0:21:4f:fe:4d"}
2020-06-25 13:09:15.906 {"ros_brain": "Fogip", "ap": "04:f0:21:4f:fe:4d"}
2020-06-25 13:09:16.792 {"ros_brain": "Fogip", "ap": "04:f0:21:4f:fe:4d"}
2020-06-25 13:09:17.695 {"ros_brain": "Fogip", "ap": "04:f0:21:4f:fe:4d"}
2020-06-25 13:09:19.714 {"ros_brain": "Edgeip", "ap": "00:c0:ca:1b:34:2e"}
2020-06-25 13:09:19.719 {"ros_brain": "Edgeip", "ap": "00:c0:ca:1b:34:2e"}
2020-06-25 13:09:20.435 {"ros_brain": "Edgeip", "ap": "00:c0:ca:1b:34:2e"}
2020-06-25 13:09:21.307 {"ros_brain": "Edgeip", "ap": "00:c0:ca:1b:34:2e"}
2020-06-25 13:09:23.134 {"ros_brain": "Edgeip", "ap": "00:c0:ca:1b:34:2e"}
2020-06-25 13:09:23.138 {"ros_brain": "Edgeip", "ap": "00:c0:ca:1b:34:2e"}
2020-06-25 13:09:24.009 {"ros_brain": "Edgeip", "ap": "00:c0:ca:1b:34:2e"}
2020-06-25 13:09:24.914 {"ros_brain": "Edgeip", "ap": "00:c0:ca:1b:34:2e"}
2020-06-25 13:09:26.804 {"ros_brain": "Edgeip", "ap": "00:c0:ca:1b:34:2e"}
2020-06-25 13:09:26.808 {"ros_brain": "Edgeip", "ap": "00:c0:ca:1b:34:2e"}
2020-06-25 13:09:27.636 {"ros_brain": "Edgeip", "ap": "00:c0:ca:1b:34:2e"}
2020-06-25 13:09:28.539 {"ros_brain": "Edgeip", "ap": "00:c0:ca:1b:34:2e"}
2020-06-25 13:09:30.514 {"ros_brain": "Edgeip", "ap": "00:c0:ca:1b:34:2e"}
2020-06-25 13:09:30.518 {"ros_brain": "Edgeip", "ap": "00:c0:ca:1b:34:2e"}
2020-06-25 13:09:31.257 {"ros_brain": "Edgeip", "ap": "00:c0:ca:1b:34:2e"}
2020-06-25 13:09:32.152 {"ros_brain": "Edgeip", "ap": "00:c0:ca:1b:34:2e"}
2020-06-25 13:09:34.181 {"ros_brain": "Edgeip", "ap": "00:c0:ca:1b:34:2e"}
2020-06-25 13:09:34.185 {"ros_brain": "Edgeip", "ap": "00:c0:ca:1b:34:2e"}
2020-06-25 13:09:34.861 {"ros_brain": "Edgeip", "ap": "00:c0:ca:1b:34:2e"}
2020-06-25 13:09:35.767 {"ros_brain": "Edgeip", "ap": "00:c0:ca:1b:34:2e"}
2020-06-25 13:09:37.827 {"ros_brain": "Edgeip", "ap": "00:c0:ca:1b:34:2e"}
2020-06-25 13:09:37.830 {"ros_brain": "Edgeip", "ap": "00:c0:ca:1b:34:2e"}
2020-06-25 13:09:38.472 {"ros_brain": "Edgeip", "ap": "00:c0:ca:1b:34:2e"}
2020-06-25 13:09:39.446 {"ros_brain": "Edgeip", "ap": "00:c0:ca:1b:34:2e"}
2020-06-25 13:09:41.411 {"ros_brain": "Edgeip", "ap": "00:c0:ca:1b:34:2e"}
2020-06-25 13:09:41.414 {"ros_brain": "Edgeip", "ap": "00:c0:ca:1b:34:2e"}
2020-06-25 13:09:42.452 {"ros_brain": "Edgeip", "ap": "00:c0:ca:1b:34:2e"}
2020-06-25 13:09:43.507 {"ros_brain": "Edgeip", "ap": "00:c0:ca:1b:34:2e"}
2020-06-25 13:09:45.523 {"ros_brain": "Edgeip", "ap": "00:c0:ca:1b:34:2e"}
2020-06-25 13:09:45.608 {"ros_brain": "Edgeip", "ap": "00:c0:ca:1b:34:2e"}
2020-06-25 13:09:46.658 {"ros_brain": "Edgeip", "ap": "00:c0:ca:1b:34:2e"}
2020-06-25 13:09:47.720 {"ros_brain": "Edgeip", "ap": "00:c0:ca:1b:34:2e"}
