2020-06-25 13:42:35.816 {"ap": "00:1f:c6:60:dc:36", "ros_brain": "Cloudip"}
2020-06-25 13:43:06.398 {"ap": "00:1f:c6:60:dc:36", "ros_brain": "Cloudip"}
2020-06-25 13:43:07.451 {"ap": "00:1f:c6:60:dc:36", "ros_brain": "Cloudip"}
2020-06-25 13:43:08.504 {"ap": "00:1f:c6:60:dc:36", "ros_brain": "Cloudip"}
2020-06-25 13:43:10.416 {"ap": "00:1f:c6:60:dc:36", "ros_brain": "Cloudip"}
2020-06-25 13:43:10.467 {"ap": "00:1f:c6:60:dc:36", "ros_brain": "Cloudip"}
2020-06-25 13:43:11.442 {"ap": "00:1f:c6:60:dc:36", "ros_brain": "Cloudip"}
2020-06-25 13:43:12.426 {"ap": "00:1f:c6:60:dc:36", "ros_brain": "Cloudip"}
2020-06-25 13:43:13.330 {"ap": "00:1f:c6:60:dc:36", "ros_brain": "Cloudip"}
2020-06-25 13:43:15.284 {"ap": "00:1f:c6:60:dc:36", "ros_brain": "Cloudip"}
2020-06-25 13:43:15.287 {"ap": "00:1f:c6:60:dc:36", "ros_brain": "Cloudip"}
2020-06-25 13:43:16.119 {"ap": "00:1f:c6:60:dc:36", "ros_brain": "Cloudip"}
2020-06-25 13:43:17.025 {"ap": "00:1f:c6:60:dc:36", "ros_brain": "Cloudip"}
2020-06-25 13:43:18.908 {"ap": "00:1f:c6:60:dc:36", "ros_brain": "Cloudip"}
2020-06-25 13:43:18.914 {"ap": "00:1f:c6:60:dc:36", "ros_brain": "Cloudip"}
2020-06-25 13:43:19.745 {"ap": "00:1f:c6:60:dc:36", "ros_brain": "Cloudip"}
2020-06-25 13:43:20.651 {"ap": "00:1f:c6:60:dc:36", "ros_brain": "Cloudip"}
2020-06-25 13:43:22.604 {"ap": "00:1f:c6:60:dc:36", "ros_brain": "Cloudip"}
2020-06-25 13:43:22.609 {"ap": "00:1f:c6:60:dc:36", "ros_brain": "Cloudip"}
2020-06-25 13:43:23.362 {"ap": "00:1f:c6:60:dc:36", "ros_brain": "Cloudip"}
2020-06-25 13:43:24.272 {"ap": "00:1f:c6:60:dc:36", "ros_brain": "Cloudip"}
2020-06-25 13:43:26.373 {"ap": "00:1f:c6:60:dc:36", "ros_brain": "Cloudip"}
2020-06-25 13:43:26.378 {"ap": "00:1f:c6:60:dc:36", "ros_brain": "Cloudip"}
2020-06-25 13:43:26.993 {"ap": "00:1f:c6:60:dc:36", "ros_brain": "Cloudip"}
2020-06-25 13:43:27.892 {"ap": "00:1f:c6:60:dc:36", "ros_brain": "Cloudip"}
2020-06-25 13:43:29.896 {"ap": "00:1f:c6:60:dc:36", "ros_brain": "Cloudip"}
2020-06-25 13:43:29.902 {"ap": "00:1f:c6:60:dc:36", "ros_brain": "Cloudip"}
2020-06-25 13:43:30.605 {"ap": "00:1f:c6:60:dc:36", "ros_brain": "Cloudip"}
2020-06-25 13:43:31.504 {"ap": "00:1f:c6:60:dc:36", "ros_brain": "Cloudip"}
2020-06-25 13:43:33.422 {"ap": "00:1f:c6:60:dc:36", "ros_brain": "Cloudip"}
2020-06-25 13:43:33.426 {"ap": "00:1f:c6:60:dc:36", "ros_brain": "Cloudip"}
2020-06-25 13:43:34.222 {"ap": "00:1f:c6:60:dc:36", "ros_brain": "Cloudip"}
2020-06-25 13:43:35.124 {"ap": "00:1f:c6:60:dc:36", "ros_brain": "Cloudip"}
2020-06-25 13:43:37.024 {"ap": "00:1f:c6:60:dc:36", "ros_brain": "Cloudip"}
2020-06-25 13:43:37.029 {"ap": "00:1f:c6:60:dc:36", "ros_brain": "Cloudip"}
2020-06-25 13:43:37.831 {"ap": "00:1f:c6:60:dc:36", "ros_brain": "Cloudip"}
2020-06-25 13:43:38.749 {"ap": "00:1f:c6:60:dc:36", "ros_brain": "Cloudip"}
2020-06-25 13:43:40.813 {"ap": "00:1f:c6:60:dc:36", "ros_brain": "Cloudip"}
2020-06-25 13:43:40.817 {"ap": "00:1f:c6:60:dc:36", "ros_brain": "Cloudip"}
2020-06-25 13:43:41.448 {"ap": "00:1f:c6:60:dc:36", "ros_brain": "Cloudip"}
2020-06-25 13:43:42.356 {"ap": "00:1f:c6:60:dc:36", "ros_brain": "Cloudip"}
2020-06-25 13:43:44.268 {"ap": "00:1f:c6:60:dc:36", "ros_brain": "Cloudip"}
2020-06-25 13:43:44.318 {"ap": "00:1f:c6:60:dc:36", "ros_brain": "Cloudip"}
2020-06-25 13:43:45.302 {"ap": "00:1f:c6:60:dc:36", "ros_brain": "Cloudip"}
2020-06-25 13:43:46.203 {"ap": "00:1f:c6:60:dc:36", "ros_brain": "Cloudip"}
2020-06-25 13:43:48.059 {"ap": "00:1f:c6:60:dc:36", "ros_brain": "Cloudip"}
2020-06-25 13:43:48.064 {"ap": "00:1f:c6:60:dc:36", "ros_brain": "Cloudip"}
2020-06-25 13:43:48.918 {"ap": "00:1f:c6:60:dc:36", "ros_brain": "Cloudip"}
2020-06-25 13:43:49.819 {"ap": "00:1f:c6:60:dc:36", "ros_brain": "Cloudip"}
2020-06-25 13:43:51.653 {"ap": "00:1f:c6:60:dc:36", "ros_brain": "Cloudip"}
2020-06-25 13:43:51.657 {"ap": "00:1f:c6:60:dc:36", "ros_brain": "Cloudip"}
2020-06-25 13:43:52.534 {"ap": "00:1f:c6:60:dc:36", "ros_brain": "Cloudip"}
2020-06-25 13:43:53.433 {"ap": "00:1f:c6:60:dc:36", "ros_brain": "Cloudip"}
2020-06-25 13:43:55.563 {"ap": "00:1f:c6:60:dc:36", "ros_brain": "Cloudip"}
2020-06-25 13:43:55.569 {"ap": "00:1f:c6:60:dc:36", "ros_brain": "Cloudip"}
2020-06-25 13:43:56.151 {"ap": "00:1f:c6:60:dc:36", "ros_brain": "Cloudip"}
2020-06-25 13:43:57.054 {"ap": "00:1f:c6:60:dc:36", "ros_brain": "Cloudip"}
2020-06-25 13:43:59.085 {"ap": "00:c0:ca:1f:40:eb", "ros_brain": "Cloudip"}
2020-06-25 13:43:59.090 {"ap": "00:c0:ca:1f:40:eb", "ros_brain": "Cloudip"}
2020-06-25 13:43:59.896 {"ap": "00:c0:ca:1f:40:eb", "ros_brain": "Cloudip"}
2020-06-25 13:44:01.481 {"ap": "00:c0:ca:1f:40:eb", "ros_brain": "Cloudip"}
2020-06-25 13:44:02.510 {"ap": "00:c0:ca:1f:40:eb", "ros_brain": "Cloudip"}
2020-06-25 13:44:05.239 {"ap": "00:c0:ca:1f:40:eb", "ros_brain": "Cloudip"}
2020-06-25 13:44:05.492 {"ap": "00:c0:ca:1f:40:eb", "ros_brain": "Cloudip"}
2020-06-25 13:44:06.172 {"ap": "00:c0:ca:1f:40:eb", "ros_brain": "Cloudip"}
2020-06-25 13:44:07.155 {"ap": "00:c0:ca:1f:40:eb", "ros_brain": "Cloudip"}
2020-06-25 13:44:09.136 {"ap": "00:c0:ca:1b:34:2e", "ros_brain": "Edgeip"}
2020-06-25 13:44:09.145 {"ap": "00:c0:ca:1b:34:2e", "ros_brain": "Edgeip"}
2020-06-25 13:44:10.111 {"ap": "00:c0:ca:1b:34:2e", "ros_brain": "Edgeip"}
2020-06-25 13:44:11.057 {"ap": "00:c0:ca:1b:34:2e", "ros_brain": "Edgeip"}
2020-06-25 13:44:12.842 {"ap": "00:c0:ca:1b:34:2e", "ros_brain": "Edgeip"}
2020-06-25 13:44:12.846 {"ap": "00:c0:ca:1b:34:2e", "ros_brain": "Edgeip"}
2020-06-25 13:44:13.729 {"ap": "00:c0:ca:1b:34:2e", "ros_brain": "Edgeip"}
2020-06-25 13:44:14.606 {"ap": "00:c0:ca:1b:34:2e", "ros_brain": "Edgeip"}
2020-06-25 13:44:15.512 {"ap": "00:c0:ca:1b:34:2e", "ros_brain": "Edgeip"}
2020-06-25 13:44:17.520 {"ap": "00:c0:ca:1b:34:2e", "ros_brain": "Edgeip"}
2020-06-25 13:44:17.524 {"ap": "00:c0:ca:1b:34:2e", "ros_brain": "Edgeip"}
2020-06-25 13:44:18.224 {"ap": "00:c0:ca:1b:34:2e", "ros_brain": "Edgeip"}
2020-06-25 13:44:19.134 {"ap": "00:c0:ca:1b:34:2e", "ros_brain": "Edgeip"}
2020-06-25 13:44:21.172 {"ap": "00:c0:ca:1b:34:2e", "ros_brain": "Edgeip"}
2020-06-25 13:44:21.176 {"ap": "00:c0:ca:1b:34:2e", "ros_brain": "Edgeip"}
2020-06-25 13:44:21.838 {"ap": "00:c0:ca:1b:34:2e", "ros_brain": "Edgeip"}
2020-06-25 13:44:22.750 {"ap": "00:c0:ca:1b:34:2e", "ros_brain": "Edgeip"}
2020-06-25 13:44:24.793 {"ap": "00:c0:ca:1b:34:2e", "ros_brain": "Edgeip"}
2020-06-25 13:44:24.797 {"ap": "00:c0:ca:1b:34:2e", "ros_brain": "Edgeip"}
2020-06-25 13:44:25.463 {"ap": "00:c0:ca:1b:34:2e", "ros_brain": "Edgeip"}
2020-06-25 13:44:26.217 {"ap": "00:c0:ca:1b:34:2e", "ros_brain": "Edgeip"}
2020-06-25 13:44:26.746 {"ap": "00:c0:ca:1b:34:2e", "ros_brain": "Edgeip"}
2020-06-25 13:44:27.273 {"ap": "00:c0:ca:1b:34:2e", "ros_brain": "Edgeip"}
2020-06-25 13:44:29.327 {"ap": "00:c0:ca:1b:34:2e", "ros_brain": "Edgeip"}
2020-06-25 13:44:29.456 {"ap": "00:c0:ca:1b:34:2e", "ros_brain": "Edgeip"}
2020-06-25 13:44:30.515 {"ap": "00:c0:ca:1b:34:2e", "ros_brain": "Edgeip"}
2020-06-25 13:44:31.576 {"ap": "00:c0:ca:1b:34:2e", "ros_brain": "Edgeip"}
2020-06-25 13:44:33.595 {"ap": "00:c0:ca:1b:34:2e", "ros_brain": "Edgeip"}
2020-06-25 13:44:33.676 {"ap": "00:c0:ca:1b:34:2e", "ros_brain": "Edgeip"}
2020-06-25 13:44:34.735 {"ap": "00:c0:ca:1b:34:2e", "ros_brain": "Edgeip"}
2020-06-25 13:44:35.779 {"ap": "00:c0:ca:1b:34:2e", "ros_brain": "Edgeip"}
2020-06-25 13:44:37.917 {"ap": "00:c0:ca:1b:34:2e", "ros_brain": "Edgeip"}
2020-06-25 13:44:37.921 {"ap": "00:c0:ca:1b:34:2e", "ros_brain": "Edgeip"}
2020-06-25 13:44:39.020 {"ap": "00:c0:ca:1b:34:2e", "ros_brain": "Edgeip"}
2020-06-25 13:44:40.074 {"ap": "00:c0:ca:1b:34:2e", "ros_brain": "Edgeip"}
2020-06-25 13:44:42.151 {"ap": "00:c0:ca:1b:34:2e", "ros_brain": "Edgeip"}
2020-06-25 13:44:42.253 {"ap": "00:c0:ca:1b:34:2e", "ros_brain": "Edgeip"}
2020-06-25 13:44:43.394 {"ap": "00:c0:ca:1b:34:2e", "ros_brain": "Edgeip"}
2020-06-25 13:44:44.509 {"ap": "00:c0:ca:1b:34:2e", "ros_brain": "Edgeip"}
2020-06-25 13:44:46.639 {"ap": "00:c0:ca:1b:34:2e", "ros_brain": "Edgeip"}
2020-06-25 13:44:46.644 {"ap": "00:c0:ca:1b:34:2e", "ros_brain": "Edgeip"}
2020-06-25 13:44:47.071 {"ap": "00:c0:ca:1b:34:2e", "ros_brain": "Edgeip"}
2020-06-25 13:44:48.041 {"ap": "00:c0:ca:1b:34:2e", "ros_brain": "Edgeip"}
2020-06-25 13:44:48.948 {"ap": "00:c0:ca:1b:34:2e", "ros_brain": "Edgeip"}
2020-06-25 13:44:50.936 {"ap": "00:c0:ca:1b:34:2e", "ros_brain": "Edgeip"}
2020-06-25 13:44:50.942 {"ap": "00:c0:ca:1b:34:2e", "ros_brain": "Edgeip"}
2020-06-25 13:44:51.657 {"ap": "00:c0:ca:1b:34:2e", "ros_brain": "Edgeip"}
2020-06-25 13:44:52.560 {"ap": "00:c0:ca:1b:34:2e", "ros_brain": "Edgeip"}
2020-06-25 13:44:54.525 {"ap": "00:c0:ca:1b:34:2e", "ros_brain": "Edgeip"}
2020-06-25 13:44:54.531 {"ap": "00:c0:ca:1b:34:2e", "ros_brain": "Edgeip"}
2020-06-25 13:44:55.353 {"ap": "00:c0:ca:1b:34:2e", "ros_brain": "Edgeip"}
2020-06-25 13:44:56.249 {"ap": "00:c0:ca:1b:34:2e", "ros_brain": "Edgeip"}
2020-06-25 13:44:58.265 {"ap": "00:c0:ca:1b:34:2e", "ros_brain": "Edgeip"}
2020-06-25 13:44:58.272 {"ap": "00:c0:ca:1b:34:2e", "ros_brain": "Edgeip"}
2020-06-25 13:44:58.960 {"ap": "00:c0:ca:1b:34:2e", "ros_brain": "Edgeip"}
2020-06-25 13:44:59.868 {"ap": "00:c0:ca:1b:34:2e", "ros_brain": "Edgeip"}
2020-06-25 13:45:01.926 {"ap": "00:c0:ca:1b:34:2e", "ros_brain": "Edgeip"}
2020-06-25 13:45:01.931 {"ap": "00:c0:ca:1b:34:2e", "ros_brain": "Edgeip"}
2020-06-25 13:45:02.586 {"ap": "00:c0:ca:1b:34:2e", "ros_brain": "Edgeip"}
2020-06-25 13:45:03.486 {"ap": "00:c0:ca:1b:34:2e", "ros_brain": "Edgeip"}
2020-06-25 13:45:06.127 {"ap": "00:c0:ca:1b:34:2e", "ros_brain": "Edgeip"}
2020-06-25 13:45:06.130 {"ap": "00:c0:ca:1b:34:2e", "ros_brain": "Edgeip"}
2020-06-25 13:45:06.195 {"ap": "00:c0:ca:1b:34:2e", "ros_brain": "Edgeip"}
2020-06-25 13:45:07.139 {"ap": "00:c0:ca:1b:34:2e", "ros_brain": "Edgeip"}
2020-06-25 13:45:09.013 {"ap": "00:c0:ca:1b:34:2e", "ros_brain": "Edgeip"}
2020-06-25 13:45:09.018 {"ap": "00:c0:ca:1b:34:2e", "ros_brain": "Edgeip"}
2020-06-25 13:45:09.805 {"ap": "00:c0:ca:1b:34:2e", "ros_brain": "Edgeip"}
2020-06-25 13:45:10.704 {"ap": "00:c0:ca:1b:34:2e", "ros_brain": "Edgeip"}
2020-06-25 13:45:13.069 {"ap": "04:f0:21:4f:fe:4d", "ros_brain": "Fogip"}
2020-06-25 13:45:13.075 {"ap": "04:f0:21:4f:fe:4d", "ros_brain": "Fogip"}
2020-06-25 13:45:13.523 {"ap": "04:f0:21:4f:fe:4d", "ros_brain": "Fogip"}
2020-06-25 13:45:15.426 {"ap": "04:f0:21:4f:fe:4d", "ros_brain": "Fogip"}
2020-06-25 13:45:19.960 {"ap": "04:f0:21:4f:fe:4d", "ros_brain": "Fogip"}
2020-06-25 13:45:20.043 {"ap": "04:f0:21:4f:fe:4d", "ros_brain": "Fogip"}
2020-06-25 13:45:21.015 {"ap": "04:f0:21:4f:fe:4d", "ros_brain": "Fogip"}
2020-06-25 13:45:21.999 {"ap": "04:f0:21:4f:fe:4d", "ros_brain": "Fogip"}
2020-06-25 13:45:23.993 {"ap": "04:f0:21:4f:fe:4d", "ros_brain": "Fogip"}
2020-06-25 13:45:23.997 {"ap": "04:f0:21:4f:fe:4d", "ros_brain": "Fogip"}
2020-06-25 13:45:24.929 {"ap": "04:f0:21:4f:fe:4d", "ros_brain": "Fogip"}
2020-06-25 13:45:25.904 {"ap": "04:f0:21:4f:fe:4d", "ros_brain": "Fogip"}
2020-06-25 13:45:27.823 {"ap": "04:f0:21:4f:fe:4d", "ros_brain": "Fogip"}
2020-06-25 13:45:27.828 {"ap": "04:f0:21:4f:fe:4d", "ros_brain": "Fogip"}
2020-06-25 13:45:28.619 {"ap": "04:f0:21:4f:fe:4d", "ros_brain": "Fogip"}
2020-06-25 13:45:29.516 {"ap": "04:f0:21:4f:fe:4d", "ros_brain": "Fogip"}
2020-06-25 13:45:31.468 {"ap": "04:f0:21:4f:fe:4d", "ros_brain": "Fogip"}
2020-06-25 13:45:31.472 {"ap": "04:f0:21:4f:fe:4d", "ros_brain": "Fogip"}
2020-06-25 13:45:32.226 {"ap": "04:f0:21:4f:fe:4d", "ros_brain": "Fogip"}
2020-06-25 13:45:33.208 {"ap": "04:f0:21:4f:fe:4d", "ros_brain": "Fogip"}
2020-06-25 13:45:35.082 {"ap": "04:f0:21:4f:fe:4d", "ros_brain": "Fogip"}
2020-06-25 13:45:35.087 {"ap": "04:f0:21:4f:fe:4d", "ros_brain": "Fogip"}
2020-06-25 13:45:35.914 {"ap": "04:f0:21:4f:fe:4d", "ros_brain": "Fogip"}
2020-06-25 13:45:36.810 {"ap": "04:f0:21:4f:fe:4d", "ros_brain": "Fogip"}
2020-06-25 13:45:38.747 {"ap": "04:f0:21:4f:fe:4d", "ros_brain": "Fogip"}
2020-06-25 13:45:38.751 {"ap": "04:f0:21:4f:fe:4d", "ros_brain": "Fogip"}
2020-06-25 13:45:39.515 {"ap": "04:f0:21:4f:fe:4d", "ros_brain": "Fogip"}
2020-06-25 13:45:40.423 {"ap": "04:f0:21:4f:fe:4d", "ros_brain": "Fogip"}
2020-06-25 13:45:42.370 {"ap": "04:f0:21:4f:fe:4d", "ros_brain": "Fogip"}
2020-06-25 13:45:42.409 {"ap": "04:f0:21:4f:fe:4d", "ros_brain": "Fogip"}
2020-06-25 13:45:43.132 {"ap": "04:f0:21:4f:fe:4d", "ros_brain": "Fogip"}
2020-06-25 13:45:44.027 {"ap": "04:f0:21:4f:fe:4d", "ros_brain": "Fogip"}
2020-06-25 13:45:46.147 {"ap": "04:f0:21:4f:fe:4d", "ros_brain": "Fogip"}
2020-06-25 13:45:46.152 {"ap": "04:f0:21:4f:fe:4d", "ros_brain": "Fogip"}
2020-06-25 13:45:46.739 {"ap": "04:f0:21:4f:fe:4d", "ros_brain": "Fogip"}
2020-06-25 13:45:47.639 {"ap": "04:f0:21:4f:fe:4d", "ros_brain": "Fogip"}
2020-06-25 13:45:49.753 {"ap": "04:f0:21:4f:fe:4d", "ros_brain": "Fogip"}
2020-06-25 13:45:49.757 {"ap": "04:f0:21:4f:fe:4d", "ros_brain": "Fogip"}
2020-06-25 13:45:50.263 {"ap": "04:f0:21:4f:fe:4d", "ros_brain": "Fogip"}
2020-06-25 13:45:51.170 {"ap": "04:f0:21:4f:fe:4d", "ros_brain": "Fogip"}
2020-06-25 13:45:53.248 {"ap": "00:c0:ca:1b:34:0b", "ros_brain": "Fogip"}
2020-06-25 13:45:53.254 {"ap": "00:c0:ca:1b:34:0b", "ros_brain": "Fogip"}
2020-06-25 13:45:53.881 {"ap": "00:c0:ca:1b:34:0b", "ros_brain": "Fogip"}
2020-06-25 13:45:54.887 {"ap": "00:c0:ca:1b:34:0b", "ros_brain": "Fogip"}
2020-06-25 13:45:56.834 {"ap": "00:c0:ca:1b:34:0b", "ros_brain": "Fogip"}
2020-06-25 13:45:56.839 {"ap": "00:c0:ca:1b:34:0b", "ros_brain": "Fogip"}
2020-06-25 13:45:57.496 {"ap": "00:c0:ca:1b:34:0b", "ros_brain": "Fogip"}
2020-06-25 13:45:58.397 {"ap": "00:c0:ca:1b:34:0b", "ros_brain": "Fogip"}
2020-06-25 13:46:00.475 {"ap": "00:c0:ca:1b:34:0b", "ros_brain": "Fogip"}
2020-06-25 13:46:00.478 {"ap": "00:c0:ca:1b:34:0b", "ros_brain": "Fogip"}
2020-06-25 13:46:01.096 {"ap": "00:c0:ca:1b:34:0b", "ros_brain": "Fogip"}
2020-06-25 13:46:02.002 {"ap": "00:c0:ca:1b:34:0b", "ros_brain": "Fogip"}
2020-06-25 13:46:04.104 {"ap": "00:c0:ca:1b:34:0b", "ros_brain": "Fogip"}
2020-06-25 13:46:04.108 {"ap": "00:c0:ca:1b:34:0b", "ros_brain": "Fogip"}
2020-06-25 13:46:04.717 {"ap": "00:c0:ca:1b:34:0b", "ros_brain": "Fogip"}
2020-06-25 13:46:05.613 {"ap": "00:c0:ca:1b:34:0b", "ros_brain": "Fogip"}
2020-06-25 13:46:07.647 {"ap": "00:c0:ca:1b:34:0b", "ros_brain": "Fogip"}
2020-06-25 13:46:07.650 {"ap": "00:c0:ca:1b:34:0b", "ros_brain": "Fogip"}
2020-06-25 13:46:08.323 {"ap": "00:c0:ca:1b:34:0b", "ros_brain": "Fogip"}
2020-06-25 13:46:09.217 {"ap": "00:c0:ca:1b:34:0b", "ros_brain": "Fogip"}
2020-06-25 13:46:11.087 {"ap": "00:c0:ca:1b:34:0b", "ros_brain": "Fogip"}
2020-06-25 13:46:11.090 {"ap": "00:c0:ca:1b:34:0b", "ros_brain": "Fogip"}
2020-06-25 13:46:11.930 {"ap": "00:c0:ca:1b:34:0b", "ros_brain": "Fogip"}
2020-06-25 13:46:12.833 {"ap": "00:c0:ca:1b:34:0b", "ros_brain": "Fogip"}
2020-06-25 13:46:14.715 {"ap": "00:c0:ca:1b:34:0b", "ros_brain": "Fogip"}
2020-06-25 13:46:14.719 {"ap": "00:c0:ca:1b:34:0b", "ros_brain": "Fogip"}
2020-06-25 13:46:15.539 {"ap": "00:c0:ca:1b:34:0b", "ros_brain": "Fogip"}
2020-06-25 13:46:16.746 {"ap": "00:c0:ca:1b:34:0b", "ros_brain": "Fogip"}
2020-06-25 13:46:18.028 {"ap": "00:c0:ca:1b:34:0b", "ros_brain": "Fogip"}
2020-06-25 13:46:18.405 {"ap": "00:c0:ca:1b:34:0b", "ros_brain": "Fogip"}
2020-06-25 13:46:18.707 {"ap": "00:c0:ca:1b:34:0b", "ros_brain": "Fogip"}
2020-06-25 13:46:20.050 {"ap": "00:c0:ca:1b:34:0b", "ros_brain": "Fogip"}
2020-06-25 13:46:50.319 {"ap": "00:c0:ca:1b:34:0b", "ros_brain": "Fogip"}
2020-06-25 13:46:50.994 {"ap": "00:c0:ca:1b:34:0b", "ros_brain": "Fogip"}
2020-06-25 13:46:51.441 {"ap": "00:c0:ca:1b:34:0b", "ros_brain": "Fogip"}
2020-06-25 13:46:51.818 {"ap": "00:c0:ca:1b:34:0b", "ros_brain": "Fogip"}
2020-06-25 13:46:52.124 {"ap": "00:c0:ca:1b:34:0b", "ros_brain": "Fogip"}
2020-06-25 13:46:52.349 {"ap": "00:c0:ca:1b:34:0b", "ros_brain": "Fogip"}
2020-06-25 13:46:52.647 {"ap": "00:c0:ca:1b:34:0b", "ros_brain": "Fogip"}
2020-06-25 13:46:52.946 {"ap": "00:c0:ca:1b:34:0b", "ros_brain": "Fogip"}
2020-06-25 13:46:54.001 {"ap": "00:c0:ca:1b:34:0b", "ros_brain": "Fogip"}
2020-06-25 13:46:54.978 {"ap": "00:c0:ca:1b:34:0b", "ros_brain": "Fogip"}
2020-06-25 13:46:55.956 {"ap": "00:c0:ca:1b:34:0b", "ros_brain": "Fogip"}
2020-06-25 13:46:58.034 {"ap": "00:c0:ca:1b:34:0b", "ros_brain": "Fogip"}
2020-06-25 13:46:58.040 {"ap": "00:c0:ca:1b:34:0b", "ros_brain": "Fogip"}
2020-06-25 13:46:58.890 {"ap": "00:c0:ca:1b:34:0b", "ros_brain": "Fogip"}
2020-06-25 13:46:59.792 {"ap": "00:c0:ca:1b:34:0b", "ros_brain": "Fogip"}
2020-06-25 13:47:01.734 {"ap": "00:c0:ca:1b:34:0b", "ros_brain": "Fogip"}
2020-06-25 13:47:01.737 {"ap": "00:c0:ca:1b:34:0b", "ros_brain": "Fogip"}
2020-06-25 13:47:02.507 {"ap": "00:c0:ca:1b:34:0b", "ros_brain": "Fogip"}
2020-06-25 13:47:03.406 {"ap": "00:c0:ca:1b:34:0b", "ros_brain": "Fogip"}
2020-06-25 13:47:05.260 {"ap": "00:c0:ca:1b:34:0b", "ros_brain": "Fogip"}
2020-06-25 13:47:05.264 {"ap": "00:c0:ca:1b:34:0b", "ros_brain": "Fogip"}
2020-06-25 13:47:06.108 {"ap": "00:c0:ca:1b:34:0b", "ros_brain": "Fogip"}
2020-06-25 13:47:07.012 {"ap": "00:c0:ca:1b:34:0b", "ros_brain": "Fogip"}
2020-06-25 13:47:08.876 {"ap": "00:c0:ca:1b:34:0b", "ros_brain": "Fogip"}
2020-06-25 13:47:08.879 {"ap": "00:c0:ca:1b:34:0b", "ros_brain": "Fogip"}
2020-06-25 13:47:09.713 {"ap": "00:c0:ca:1b:34:0b", "ros_brain": "Fogip"}
2020-06-25 13:47:10.617 {"ap": "00:c0:ca:1b:34:0b", "ros_brain": "Fogip"}
2020-06-25 13:47:12.552 {"ap": "00:c0:ca:1b:34:0b", "ros_brain": "Fogip"}
2020-06-25 13:47:12.558 {"ap": "00:c0:ca:1b:34:0b", "ros_brain": "Fogip"}
2020-06-25 13:47:13.321 {"ap": "00:c0:ca:1b:34:0b", "ros_brain": "Fogip"}
2020-06-25 13:47:14.225 {"ap": "00:c0:ca:1b:34:0b", "ros_brain": "Fogip"}
2020-06-25 13:47:16.386 {"ap": "00:c0:ca:1b:34:0b", "ros_brain": "Fogip"}
2020-06-25 13:47:16.390 {"ap": "00:c0:ca:1b:34:0b", "ros_brain": "Fogip"}
2020-06-25 13:47:16.931 {"ap": "00:c0:ca:1b:34:0b", "ros_brain": "Fogip"}
2020-06-25 13:47:17.837 {"ap": "00:c0:ca:1b:34:0b", "ros_brain": "Fogip"}
2020-06-25 13:47:19.866 {"ap": "00:c0:ca:1b:34:0b", "ros_brain": "Fogip"}
2020-06-25 13:47:19.871 {"ap": "00:c0:ca:1b:34:0b", "ros_brain": "Fogip"}
2020-06-25 13:47:20.540 {"ap": "00:c0:ca:1b:34:0b", "ros_brain": "Fogip"}
2020-06-25 13:47:21.436 {"ap": "00:c0:ca:1b:34:0b", "ros_brain": "Fogip"}
2020-06-25 13:47:23.450 {"ap": "04:f0:21:4f:fe:4d", "ros_brain": "Fogip"}
2020-06-25 13:47:23.455 {"ap": "04:f0:21:4f:fe:4d", "ros_brain": "Fogip"}
2020-06-25 13:47:24.227 {"ap": "04:f0:21:4f:fe:4d", "ros_brain": "Fogip"}
2020-06-25 13:47:25.050 {"ap": "04:f0:21:4f:fe:4d", "ros_brain": "Fogip"}
2020-06-25 13:47:27.036 {"ap": "04:f0:21:4f:fe:4d", "ros_brain": "Fogip"}
2020-06-25 13:47:27.040 {"ap": "04:f0:21:4f:fe:4d", "ros_brain": "Fogip"}
2020-06-25 13:47:27.747 {"ap": "04:f0:21:4f:fe:4d", "ros_brain": "Fogip"}
2020-06-25 13:47:28.735 {"ap": "04:f0:21:4f:fe:4d", "ros_brain": "Fogip"}
2020-06-25 13:47:30.760 {"ap": "04:f0:21:4f:fe:4d", "ros_brain": "Fogip"}
2020-06-25 13:47:30.764 {"ap": "04:f0:21:4f:fe:4d", "ros_brain": "Fogip"}
2020-06-25 13:47:31.348 {"ap": "04:f0:21:4f:fe:4d", "ros_brain": "Fogip"}
2020-06-25 13:47:32.252 {"ap": "04:f0:21:4f:fe:4d", "ros_brain": "Fogip"}
2020-06-25 13:47:34.301 {"ap": "04:f0:21:4f:fe:4d", "ros_brain": "Fogip"}
2020-06-25 13:47:34.304 {"ap": "04:f0:21:4f:fe:4d", "ros_brain": "Fogip"}
2020-06-25 13:47:34.955 {"ap": "04:f0:21:4f:fe:4d", "ros_brain": "Fogip"}
2020-06-25 13:47:35.861 {"ap": "04:f0:21:4f:fe:4d", "ros_brain": "Fogip"}
2020-06-25 13:47:37.880 {"ap": "04:f0:21:4f:fe:4d", "ros_brain": "Fogip"}
2020-06-25 13:47:37.884 {"ap": "04:f0:21:4f:fe:4d", "ros_brain": "Fogip"}
2020-06-25 13:47:38.564 {"ap": "04:f0:21:4f:fe:4d", "ros_brain": "Fogip"}
2020-06-25 13:47:39.458 {"ap": "04:f0:21:4f:fe:4d", "ros_brain": "Fogip"}
2020-06-25 13:47:41.498 {"ap": "04:f0:21:4f:fe:4d", "ros_brain": "Fogip"}
2020-06-25 13:47:41.503 {"ap": "04:f0:21:4f:fe:4d", "ros_brain": "Fogip"}
2020-06-25 13:47:42.241 {"ap": "04:f0:21:4f:fe:4d", "ros_brain": "Fogip"}
2020-06-25 13:47:43.149 {"ap": "04:f0:21:4f:fe:4d", "ros_brain": "Fogip"}
2020-06-25 13:47:45.100 {"ap": "04:f0:21:4f:fe:4d", "ros_brain": "Fogip"}
2020-06-25 13:47:45.105 {"ap": "04:f0:21:4f:fe:4d", "ros_brain": "Fogip"}
2020-06-25 13:47:45.850 {"ap": "04:f0:21:4f:fe:4d", "ros_brain": "Fogip"}
2020-06-25 13:47:46.754 {"ap": "04:f0:21:4f:fe:4d", "ros_brain": "Fogip"}
2020-06-25 13:47:48.612 {"ap": "04:f0:21:4f:fe:4d", "ros_brain": "Fogip"}
2020-06-25 13:47:48.618 {"ap": "04:f0:21:4f:fe:4d", "ros_brain": "Fogip"}
2020-06-25 13:47:49.456 {"ap": "04:f0:21:4f:fe:4d", "ros_brain": "Fogip"}
2020-06-25 13:47:50.367 {"ap": "04:f0:21:4f:fe:4d", "ros_brain": "Fogip"}
2020-06-25 13:47:52.306 {"ap": "04:f0:21:4f:fe:4d", "ros_brain": "Fogip"}
2020-06-25 13:47:52.310 {"ap": "04:f0:21:4f:fe:4d", "ros_brain": "Fogip"}
2020-06-25 13:47:53.068 {"ap": "04:f0:21:4f:fe:4d", "ros_brain": "Fogip"}
2020-06-25 13:47:53.967 {"ap": "04:f0:21:4f:fe:4d", "ros_brain": "Fogip"}
2020-06-25 13:47:55.771 {"ap": "04:f0:21:4f:fe:4d", "ros_brain": "Fogip"}
2020-06-25 13:47:55.775 {"ap": "04:f0:21:4f:fe:4d", "ros_brain": "Fogip"}
2020-06-25 13:47:56.669 {"ap": "04:f0:21:4f:fe:4d", "ros_brain": "Fogip"}
2020-06-25 13:47:57.573 {"ap": "04:f0:21:4f:fe:4d", "ros_brain": "Fogip"}
2020-06-25 13:47:59.444 {"ap": "00:c0:ca:1b:34:2e", "ros_brain": "Edgeip"}
2020-06-25 13:47:59.452 {"ap": "00:c0:ca:1b:34:2e", "ros_brain": "Edgeip"}
2020-06-25 13:48:00.280 {"ap": "00:c0:ca:1b:34:2e", "ros_brain": "Edgeip"}
2020-06-25 13:48:01.262 {"ap": "00:c0:ca:1b:34:2e", "ros_brain": "Edgeip"}
2020-06-25 13:48:03.144 {"ap": "00:c0:ca:1b:34:2e", "ros_brain": "Edgeip"}
2020-06-25 13:48:03.148 {"ap": "00:c0:ca:1b:34:2e", "ros_brain": "Edgeip"}
2020-06-25 13:48:03.893 {"ap": "00:c0:ca:1b:34:2e", "ros_brain": "Edgeip"}
2020-06-25 13:48:04.795 {"ap": "00:c0:ca:1b:34:2e", "ros_brain": "Edgeip"}
2020-06-25 13:48:06.663 {"ap": "00:c0:ca:1b:34:2e", "ros_brain": "Edgeip"}
2020-06-25 13:48:06.667 {"ap": "00:c0:ca:1b:34:2e", "ros_brain": "Edgeip"}
2020-06-25 13:48:07.500 {"ap": "00:c0:ca:1b:34:2e", "ros_brain": "Edgeip"}
2020-06-25 13:48:08.399 {"ap": "00:c0:ca:1b:34:2e", "ros_brain": "Edgeip"}
2020-06-25 13:48:10.358 {"ap": "00:c0:ca:1b:34:2e", "ros_brain": "Edgeip"}
2020-06-25 13:48:10.363 {"ap": "00:c0:ca:1b:34:2e", "ros_brain": "Edgeip"}
2020-06-25 13:48:11.099 {"ap": "00:c0:ca:1b:34:2e", "ros_brain": "Edgeip"}
2020-06-25 13:48:11.993 {"ap": "00:c0:ca:1b:34:2e", "ros_brain": "Edgeip"}
2020-06-25 13:48:13.884 {"ap": "00:c0:ca:1b:34:2e", "ros_brain": "Edgeip"}
2020-06-25 13:48:13.889 {"ap": "00:c0:ca:1b:34:2e", "ros_brain": "Edgeip"}
2020-06-25 13:48:14.701 {"ap": "00:c0:ca:1b:34:2e", "ros_brain": "Edgeip"}
2020-06-25 13:48:15.606 {"ap": "00:c0:ca:1b:34:2e", "ros_brain": "Edgeip"}
2020-06-25 13:48:17.583 {"ap": "00:c0:ca:1b:34:2e", "ros_brain": "Edgeip"}
2020-06-25 13:48:17.589 {"ap": "00:c0:ca:1b:34:2e", "ros_brain": "Edgeip"}
2020-06-25 13:48:18.298 {"ap": "00:c0:ca:1b:34:2e", "ros_brain": "Edgeip"}
2020-06-25 13:48:19.207 {"ap": "00:c0:ca:1b:34:2e", "ros_brain": "Edgeip"}
2020-06-25 13:48:21.085 {"ap": "00:c0:ca:1b:34:2e", "ros_brain": "Edgeip"}
2020-06-25 13:48:21.090 {"ap": "00:c0:ca:1b:34:2e", "ros_brain": "Edgeip"}
2020-06-25 13:48:22.049 {"ap": "00:c0:ca:1b:34:2e", "ros_brain": "Edgeip"}
2020-06-25 13:48:23.108 {"ap": "00:c0:ca:1b:34:2e", "ros_brain": "Edgeip"}
2020-06-25 13:48:25.348 {"ap": "00:c0:ca:1b:34:2e", "ros_brain": "Edgeip"}
2020-06-25 13:48:25.353 {"ap": "00:c0:ca:1b:34:2e", "ros_brain": "Edgeip"}
2020-06-25 13:48:26.263 {"ap": "00:c0:ca:1b:34:2e", "ros_brain": "Edgeip"}
2020-06-25 13:48:27.312 {"ap": "00:c0:ca:1b:34:2e", "ros_brain": "Edgeip"}
2020-06-25 13:48:29.332 {"ap": "00:c0:ca:1b:34:2e", "ros_brain": "Edgeip"}
2020-06-25 13:48:29.414 {"ap": "00:c0:ca:1b:34:2e", "ros_brain": "Edgeip"}
2020-06-25 13:48:30.459 {"ap": "00:c0:ca:1b:34:2e", "ros_brain": "Edgeip"}
2020-06-25 13:48:31.519 {"ap": "00:c0:ca:1b:34:2e", "ros_brain": "Edgeip"}
2020-06-25 13:48:33.431 {"ap": "00:c0:ca:1b:34:2e", "ros_brain": "Edgeip"}
2020-06-25 13:48:33.544 {"ap": "00:c0:ca:1b:34:2e", "ros_brain": "Edgeip"}
2020-06-25 13:48:34.444 {"ap": "00:c0:ca:1b:34:2e", "ros_brain": "Edgeip"}
2020-06-25 13:48:35.502 {"ap": "00:c0:ca:1b:34:2e", "ros_brain": "Edgeip"}
2020-06-25 13:48:37.361 {"ap": "00:c0:ca:1b:34:2e", "ros_brain": "Edgeip"}
2020-06-25 13:48:37.537 {"ap": "00:c0:ca:1b:34:2e", "ros_brain": "Edgeip"}
2020-06-25 13:48:38.215 {"ap": "00:c0:ca:1b:34:2e", "ros_brain": "Edgeip"}
2020-06-25 13:48:38.881 {"ap": "00:c0:ca:1b:34:2e", "ros_brain": "Edgeip"}
2020-06-25 13:48:39.566 {"ap": "00:c0:ca:1b:34:2e", "ros_brain": "Edgeip"}
2020-06-25 13:48:41.246 {"ap": "00:c0:ca:1b:34:2e", "ros_brain": "Edgeip"}
2020-06-25 13:48:41.293 {"ap": "00:c0:ca:1b:34:2e", "ros_brain": "Edgeip"}
2020-06-25 13:48:42.197 {"ap": "00:c0:ca:1b:34:2e", "ros_brain": "Edgeip"}
2020-06-25 13:48:43.099 {"ap": "00:c0:ca:1b:34:2e", "ros_brain": "Edgeip"}
2020-06-25 13:48:44.853 {"ap": "00:c0:ca:1b:34:2e", "ros_brain": "Edgeip"}
2020-06-25 13:48:44.902 {"ap": "00:c0:ca:1b:34:2e", "ros_brain": "Edgeip"}
2020-06-25 13:48:45.808 {"ap": "00:c0:ca:1b:34:2e", "ros_brain": "Edgeip"}
2020-06-25 13:48:46.731 {"ap": "00:c0:ca:1b:34:2e", "ros_brain": "Edgeip"}
2020-06-25 13:48:48.539 {"ap": "00:c0:ca:1b:34:2e", "ros_brain": "Edgeip"}
2020-06-25 13:48:48.542 {"ap": "00:c0:ca:1b:34:2e", "ros_brain": "Edgeip"}
2020-06-25 13:48:49.417 {"ap": "00:c0:ca:1b:34:2e", "ros_brain": "Edgeip"}
2020-06-25 13:48:50.312 {"ap": "00:c0:ca:1b:34:2e", "ros_brain": "Edgeip"}
2020-06-25 13:48:52.068 {"ap": "00:c0:ca:1b:34:2e", "ros_brain": "Edgeip"}
2020-06-25 13:48:52.114 {"ap": "00:c0:ca:1b:34:2e", "ros_brain": "Edgeip"}
2020-06-25 13:48:53.021 {"ap": "00:c0:ca:1b:34:2e", "ros_brain": "Edgeip"}
2020-06-25 13:48:53.917 {"ap": "00:c0:ca:1b:34:2e", "ros_brain": "Edgeip"}
2020-06-25 13:48:55.669 {"ap": "00:c0:ca:1b:34:2e", "ros_brain": "Edgeip"}
2020-06-25 13:48:55.725 {"ap": "00:c0:ca:1b:34:2e", "ros_brain": "Edgeip"}
2020-06-25 13:48:56.632 {"ap": "00:c0:ca:1b:34:2e", "ros_brain": "Edgeip"}
2020-06-25 13:48:57.522 {"ap": "00:c0:ca:1b:34:2e", "ros_brain": "Edgeip"}
2020-06-25 13:48:59.680 {"ap": "00:c0:ca:1b:34:2e", "ros_brain": "Edgeip"}
2020-06-25 13:48:59.684 {"ap": "00:c0:ca:1b:34:2e", "ros_brain": "Edgeip"}
2020-06-25 13:49:00.237 {"ap": "00:c0:ca:1b:34:2e", "ros_brain": "Edgeip"}
2020-06-25 13:49:01.137 {"ap": "00:c0:ca:1b:34:2e", "ros_brain": "Edgeip"}
2020-06-25 13:49:03.198 {"ap": "00:c0:ca:1f:40:eb", "ros_brain": "Cloudip"}
2020-06-25 13:49:03.205 {"ap": "00:c0:ca:1f:40:eb", "ros_brain": "Cloudip"}
2020-06-25 13:49:03.950 {"ap": "00:c0:ca:1f:40:eb", "ros_brain": "Cloudip"}
2020-06-25 13:49:04.805 {"ap": "00:c0:ca:1f:40:eb", "ros_brain": "Cloudip"}
2020-06-25 13:49:06.721 {"ap": "00:1f:c6:60:dc:36", "ros_brain": "Cloudip"}
2020-06-25 13:49:06.724 {"ap": "00:1f:c6:60:dc:36", "ros_brain": "Cloudip"}
2020-06-25 13:49:07.450 {"ap": "00:1f:c6:60:dc:36", "ros_brain": "Cloudip"}
2020-06-25 13:49:08.355 {"ap": "00:1f:c6:60:dc:36", "ros_brain": "Cloudip"}
2020-06-25 13:49:10.314 {"ap": "00:1f:c6:60:dc:36", "ros_brain": "Cloudip"}
2020-06-25 13:49:10.318 {"ap": "00:1f:c6:60:dc:36", "ros_brain": "Cloudip"}
2020-06-25 13:49:11.059 {"ap": "00:1f:c6:60:dc:36", "ros_brain": "Cloudip"}
2020-06-25 13:49:11.959 {"ap": "00:1f:c6:60:dc:36", "ros_brain": "Cloudip"}
2020-06-25 13:49:13.838 {"ap": "00:1f:c6:60:dc:36", "ros_brain": "Cloudip"}
2020-06-25 13:49:13.842 {"ap": "00:1f:c6:60:dc:36", "ros_brain": "Cloudip"}
2020-06-25 13:49:14.741 {"ap": "00:1f:c6:60:dc:36", "ros_brain": "Cloudip"}
2020-06-25 13:49:15.638 {"ap": "00:1f:c6:60:dc:36", "ros_brain": "Cloudip"}
2020-06-25 13:49:17.538 {"ap": "00:1f:c6:60:dc:36", "ros_brain": "Cloudip"}
2020-06-25 13:49:17.542 {"ap": "00:1f:c6:60:dc:36", "ros_brain": "Cloudip"}
2020-06-25 13:49:18.336 {"ap": "00:1f:c6:60:dc:36", "ros_brain": "Cloudip"}
2020-06-25 13:49:19.236 {"ap": "00:1f:c6:60:dc:36", "ros_brain": "Cloudip"}
2020-06-25 13:49:21.222 {"ap": "00:1f:c6:60:dc:36", "ros_brain": "Cloudip"}
2020-06-25 13:49:21.225 {"ap": "00:1f:c6:60:dc:36", "ros_brain": "Cloudip"}
2020-06-25 13:49:21.938 {"ap": "00:1f:c6:60:dc:36", "ros_brain": "Cloudip"}
2020-06-25 13:49:22.845 {"ap": "00:1f:c6:60:dc:36", "ros_brain": "Cloudip"}
2020-06-25 13:49:24.796 {"ap": "00:1f:c6:60:dc:36", "ros_brain": "Cloudip"}
2020-06-25 13:49:24.799 {"ap": "00:1f:c6:60:dc:36", "ros_brain": "Cloudip"}
2020-06-25 13:49:25.536 {"ap": "00:1f:c6:60:dc:36", "ros_brain": "Cloudip"}
2020-06-25 13:49:26.443 {"ap": "00:1f:c6:60:dc:36", "ros_brain": "Cloudip"}
2020-06-25 13:49:28.302 {"ap": "00:1f:c6:60:dc:36", "ros_brain": "Cloudip"}
2020-06-25 13:49:28.305 {"ap": "00:1f:c6:60:dc:36", "ros_brain": "Cloudip"}
2020-06-25 13:49:29.159 {"ap": "00:1f:c6:60:dc:36", "ros_brain": "Cloudip"}
2020-06-25 13:49:30.043 {"ap": "00:1f:c6:60:dc:36", "ros_brain": "Cloudip"}
2020-06-25 13:49:31.972 {"ap": "00:1f:c6:60:dc:36", "ros_brain": "Cloudip"}
2020-06-25 13:49:31.978 {"ap": "00:1f:c6:60:dc:36", "ros_brain": "Cloudip"}
2020-06-25 13:49:32.747 {"ap": "00:1f:c6:60:dc:36", "ros_brain": "Cloudip"}
2020-06-25 13:49:33.647 {"ap": "00:1f:c6:60:dc:36", "ros_brain": "Cloudip"}
2020-06-25 13:49:35.550 {"ap": "00:1f:c6:60:dc:36", "ros_brain": "Cloudip"}
2020-06-25 13:49:35.554 {"ap": "00:1f:c6:60:dc:36", "ros_brain": "Cloudip"}
2020-06-25 13:49:36.379 {"ap": "00:1f:c6:60:dc:36", "ros_brain": "Cloudip"}
2020-06-25 13:49:37.345 {"ap": "00:1f:c6:60:dc:36", "ros_brain": "Cloudip"}
2020-06-25 13:49:39.301 {"ap": "00:1f:c6:60:dc:36", "ros_brain": "Cloudip"}
2020-06-25 13:49:39.306 {"ap": "00:1f:c6:60:dc:36", "ros_brain": "Cloudip"}
2020-06-25 13:49:39.946 {"ap": "00:1f:c6:60:dc:36", "ros_brain": "Cloudip"}
2020-06-25 13:49:40.857 {"ap": "00:1f:c6:60:dc:36", "ros_brain": "Cloudip"}
2020-06-25 13:49:42.866 {"ap": "00:1f:c6:60:dc:36", "ros_brain": "Cloudip"}
2020-06-25 13:49:42.870 {"ap": "00:1f:c6:60:dc:36", "ros_brain": "Cloudip"}
2020-06-25 13:49:43.558 {"ap": "00:1f:c6:60:dc:36", "ros_brain": "Cloudip"}
2020-06-25 13:49:44.449 {"ap": "00:1f:c6:60:dc:36", "ros_brain": "Cloudip"}
2020-06-25 13:49:46.418 {"ap": "00:1f:c6:60:dc:36", "ros_brain": "Cloudip"}
2020-06-25 13:49:46.422 {"ap": "00:1f:c6:60:dc:36", "ros_brain": "Cloudip"}
2020-06-25 13:49:47.158 {"ap": "00:1f:c6:60:dc:36", "ros_brain": "Cloudip"}
2020-06-25 13:49:48.051 {"ap": "00:1f:c6:60:dc:36", "ros_brain": "Cloudip"}
2020-06-25 13:49:50.228 {"ap": "00:1f:c6:60:dc:36", "ros_brain": "Cloudip"}
2020-06-25 13:49:50.231 {"ap": "00:1f:c6:60:dc:36", "ros_brain": "Cloudip"}
2020-06-25 13:49:50.769 {"ap": "00:1f:c6:60:dc:36", "ros_brain": "Cloudip"}
2020-06-25 13:49:51.686 {"ap": "00:1f:c6:60:dc:36", "ros_brain": "Cloudip"}
2020-06-25 13:49:53.481 {"ap": "00:1f:c6:60:dc:36", "ros_brain": "Cloudip"}
2020-06-25 13:49:53.783 {"ap": "00:1f:c6:60:dc:36", "ros_brain": "Cloudip"}
2020-06-25 13:49:54.981 {"ap": "00:1f:c6:60:dc:36", "ros_brain": "Cloudip"}
2020-06-25 13:49:55.356 {"ap": "00:1f:c6:60:dc:36", "ros_brain": "Cloudip"}
2020-06-25 13:49:55.733 {"ap": "00:1f:c6:60:dc:36", "ros_brain": "Cloudip"}
2020-06-25 13:49:55.958 {"ap": "00:1f:c6:60:dc:36", "ros_brain": "Cloudip"}
2020-06-25 13:49:56.191 {"ap": "00:1f:c6:60:dc:36", "ros_brain": "Cloudip"}
2020-06-25 13:49:56.415 {"ap": "00:1f:c6:60:dc:36", "ros_brain": "Cloudip"}
2020-06-25 13:49:56.593 {"ap": "00:1f:c6:60:dc:36", "ros_brain": "Cloudip"}
2020-06-25 13:49:56.788 {"ap": "00:1f:c6:60:dc:36", "ros_brain": "Cloudip"}
2020-06-25 13:49:57.011 {"ap": "00:1f:c6:60:dc:36", "ros_brain": "Cloudip"}
2020-06-25 13:49:57.307 {"ap": "00:1f:c6:60:dc:36", "ros_brain": "Cloudip"}
2020-06-25 13:49:57.757 {"ap": "00:1f:c6:60:dc:36", "ros_brain": "Cloudip"}
